[2022-10-04 17:28:44,474] {taskinstance.py:1032} INFO - Dependencies all met for <TaskInstance: data_ingestion_gcs_dag.format_to_parquet_task manual__2022-10-04T17:23:28.557400+00:00 [queued]>
[2022-10-04 17:28:44,498] {taskinstance.py:1032} INFO - Dependencies all met for <TaskInstance: data_ingestion_gcs_dag.format_to_parquet_task manual__2022-10-04T17:23:28.557400+00:00 [queued]>
[2022-10-04 17:28:44,498] {taskinstance.py:1238} INFO - 
--------------------------------------------------------------------------------
[2022-10-04 17:28:44,499] {taskinstance.py:1239} INFO - Starting attempt 1 of 2
[2022-10-04 17:28:44,499] {taskinstance.py:1240} INFO - 
--------------------------------------------------------------------------------
[2022-10-04 17:28:44,529] {taskinstance.py:1259} INFO - Executing <Task(PythonOperator): format_to_parquet_task> on 2022-10-04 17:23:28.557400+00:00
[2022-10-04 17:28:44,542] {standard_task_runner.py:52} INFO - Started process 1107 to run task
[2022-10-04 17:28:44,549] {standard_task_runner.py:76} INFO - Running: ['***', 'tasks', 'run', 'data_ingestion_gcs_dag', 'format_to_parquet_task', 'manual__2022-10-04T17:23:28.557400+00:00', '--job-id', '8', '--raw', '--subdir', 'DAGS_FOLDER/data_ingestion_gcs_dag.py', '--cfg-path', '/tmp/tmpyf7xddpp', '--error-file', '/tmp/tmpixefewu1']
[2022-10-04 17:28:44,551] {standard_task_runner.py:77} INFO - Job 8: Subtask format_to_parquet_task
[2022-10-04 17:28:44,662] {logging_mixin.py:109} INFO - Running <TaskInstance: data_ingestion_gcs_dag.format_to_parquet_task manual__2022-10-04T17:23:28.557400+00:00 [running]> on host 3adc7691bbaa
[2022-10-04 17:28:44,784] {taskinstance.py:1426} INFO - Exporting the following env vars:
AIRFLOW_CTX_DAG_OWNER=***
AIRFLOW_CTX_DAG_ID=data_ingestion_gcs_dag
AIRFLOW_CTX_TASK_ID=format_to_parquet_task
AIRFLOW_CTX_EXECUTION_DATE=2022-10-04T17:23:28.557400+00:00
AIRFLOW_CTX_DAG_RUN_ID=manual__2022-10-04T17:23:28.557400+00:00
[2022-10-04 17:28:44,786] {data_ingestion_gcs_dag.py:34} ERROR - Can only accept source files in csv format, for the moment
[2022-10-04 17:28:44,786] {python.py:175} INFO - Done. Returned value was: None
[2022-10-04 17:28:44,813] {taskinstance.py:1277} INFO - Marking task as SUCCESS. dag_id=data_ingestion_gcs_dag, task_id=format_to_parquet_task, execution_date=20221004T172328, start_date=20221004T172844, end_date=20221004T172844
[2022-10-04 17:28:44,881] {local_task_job.py:154} INFO - Task exited with return code 0
[2022-10-04 17:28:44,973] {local_task_job.py:264} INFO - 1 downstream tasks scheduled from follow-on schedule check
