[2022-10-04 18:01:17,876] {taskinstance.py:1032} INFO - Dependencies all met for <TaskInstance: data_ingestion_gcs_dag.download_dataset_task manual__2022-10-04T18:00:03.273229+00:00 [queued]>
[2022-10-04 18:01:17,896] {taskinstance.py:1032} INFO - Dependencies all met for <TaskInstance: data_ingestion_gcs_dag.download_dataset_task manual__2022-10-04T18:00:03.273229+00:00 [queued]>
[2022-10-04 18:01:17,897] {taskinstance.py:1238} INFO - 
--------------------------------------------------------------------------------
[2022-10-04 18:01:17,897] {taskinstance.py:1239} INFO - Starting attempt 1 of 2
[2022-10-04 18:01:17,897] {taskinstance.py:1240} INFO - 
--------------------------------------------------------------------------------
[2022-10-04 18:01:17,918] {taskinstance.py:1259} INFO - Executing <Task(BashOperator): download_dataset_task> on 2022-10-04 18:00:03.273229+00:00
[2022-10-04 18:01:17,929] {standard_task_runner.py:52} INFO - Started process 3343 to run task
[2022-10-04 18:01:17,935] {standard_task_runner.py:76} INFO - Running: ['***', 'tasks', 'run', 'data_ingestion_gcs_dag', 'download_dataset_task', 'manual__2022-10-04T18:00:03.273229+00:00', '--job-id', '23', '--raw', '--subdir', 'DAGS_FOLDER/data_ingestion_gcs_dag.py', '--cfg-path', '/tmp/tmprb8ojal4', '--error-file', '/tmp/tmphx_zerr0']
[2022-10-04 18:01:17,937] {standard_task_runner.py:77} INFO - Job 23: Subtask download_dataset_task
[2022-10-04 18:01:18,021] {logging_mixin.py:109} INFO - Running <TaskInstance: data_ingestion_gcs_dag.download_dataset_task manual__2022-10-04T18:00:03.273229+00:00 [running]> on host 3adc7691bbaa
[2022-10-04 18:01:18,121] {taskinstance.py:1426} INFO - Exporting the following env vars:
AIRFLOW_CTX_DAG_OWNER=***
AIRFLOW_CTX_DAG_ID=data_ingestion_gcs_dag
AIRFLOW_CTX_TASK_ID=download_dataset_task
AIRFLOW_CTX_EXECUTION_DATE=2022-10-04T18:00:03.273229+00:00
AIRFLOW_CTX_DAG_RUN_ID=manual__2022-10-04T18:00:03.273229+00:00
[2022-10-04 18:01:18,123] {subprocess.py:62} INFO - Tmp dir root location: 
 /tmp
[2022-10-04 18:01:18,123] {subprocess.py:74} INFO - Running command: ['bash', '-c', 'curl  -sSL https://d37ci6vzurychx.cloudfront.net/trip-data/yellow_trpdata_2021-01.parquet > /opt/***/yellow_trpdata_2021-01.parquet']
[2022-10-04 18:01:18,150] {subprocess.py:85} INFO - Output:
[2022-10-04 18:01:19,358] {subprocess.py:93} INFO - Command exited with return code 0
[2022-10-04 18:01:19,407] {taskinstance.py:1277} INFO - Marking task as SUCCESS. dag_id=data_ingestion_gcs_dag, task_id=download_dataset_task, execution_date=20221004T180003, start_date=20221004T180117, end_date=20221004T180119
[2022-10-04 18:01:19,471] {local_task_job.py:154} INFO - Task exited with return code 0
[2022-10-04 18:01:19,556] {local_task_job.py:264} INFO - 1 downstream tasks scheduled from follow-on schedule check
