[2022-09-29 10:58:47,566] {taskinstance.py:1032} INFO - Dependencies all met for <TaskInstance: data_ingestion_gcs_dag.download_dataset_task scheduled__2022-09-28T00:00:00+00:00 [queued]>
[2022-09-29 10:58:47,585] {taskinstance.py:1032} INFO - Dependencies all met for <TaskInstance: data_ingestion_gcs_dag.download_dataset_task scheduled__2022-09-28T00:00:00+00:00 [queued]>
[2022-09-29 10:58:47,585] {taskinstance.py:1238} INFO - 
--------------------------------------------------------------------------------
[2022-09-29 10:58:47,585] {taskinstance.py:1239} INFO - Starting attempt 1 of 2
[2022-09-29 10:58:47,585] {taskinstance.py:1240} INFO - 
--------------------------------------------------------------------------------
[2022-09-29 10:58:47,606] {taskinstance.py:1259} INFO - Executing <Task(BashOperator): download_dataset_task> on 2022-09-28 00:00:00+00:00
[2022-09-29 10:58:47,616] {standard_task_runner.py:52} INFO - Started process 427 to run task
[2022-09-29 10:58:47,621] {standard_task_runner.py:76} INFO - Running: ['***', 'tasks', 'run', 'data_ingestion_gcs_dag', 'download_dataset_task', 'scheduled__2022-09-28T00:00:00+00:00', '--job-id', '2', '--raw', '--subdir', 'DAGS_FOLDER/data_ingestion_gcs_dag.py', '--cfg-path', '/tmp/tmp_r9vi6we', '--error-file', '/tmp/tmpvix26di8']
[2022-09-29 10:58:47,623] {standard_task_runner.py:77} INFO - Job 2: Subtask download_dataset_task
[2022-09-29 10:58:47,705] {logging_mixin.py:109} INFO - Running <TaskInstance: data_ingestion_gcs_dag.download_dataset_task scheduled__2022-09-28T00:00:00+00:00 [running]> on host 9b5af19643e2
[2022-09-29 10:58:47,811] {taskinstance.py:1426} INFO - Exporting the following env vars:
AIRFLOW_CTX_DAG_OWNER=***
AIRFLOW_CTX_DAG_ID=data_ingestion_gcs_dag
AIRFLOW_CTX_TASK_ID=download_dataset_task
AIRFLOW_CTX_EXECUTION_DATE=2022-09-28T00:00:00+00:00
AIRFLOW_CTX_DAG_RUN_ID=scheduled__2022-09-28T00:00:00+00:00
[2022-09-29 10:58:47,813] {subprocess.py:62} INFO - Tmp dir root location: 
 /tmp
[2022-09-29 10:58:47,814] {subprocess.py:74} INFO - Running command: ['bash', '-c', 'curl  -sSL https://d37ci6vzurychx.cloudfront.net/trip-data/yellow_trpdata_2021-01.parquet > /opt/***/yellow_trpdata_2021-01.parquet']
[2022-09-29 10:58:47,841] {subprocess.py:85} INFO - Output:
[2022-09-29 10:58:49,173] {subprocess.py:93} INFO - Command exited with return code 0
[2022-09-29 10:58:49,237] {taskinstance.py:1277} INFO - Marking task as SUCCESS. dag_id=data_ingestion_gcs_dag, task_id=download_dataset_task, execution_date=20220928T000000, start_date=20220929T105847, end_date=20220929T105849
[2022-09-29 10:58:49,287] {local_task_job.py:154} INFO - Task exited with return code 0
[2022-09-29 10:58:49,363] {local_task_job.py:264} INFO - 1 downstream tasks scheduled from follow-on schedule check
