[2022-09-26 20:34:25,634] {manager.py:514} INFO - Processing files using up to 2 processes at a time 
[2022-09-26 20:34:25,635] {manager.py:515} INFO - Process each file at most once every 30 seconds
[2022-09-26 20:34:25,635] {manager.py:517} INFO - Checking for new files in /opt/airflow/dags every 300 seconds
[2022-09-26 20:34:25,635] {manager.py:663} INFO - Searching for files in /opt/airflow/dags
[2022-09-26 20:34:25,636] {manager.py:666} INFO - There are 0 files in /opt/airflow/dags
[2022-09-26 20:34:25,696] {manager.py:1065} INFO - Finding 'running' jobs without a recent heartbeat
[2022-09-26 20:34:25,697] {manager.py:1069} INFO - Failing jobs without heartbeat after 2022-09-26 20:29:25.697295+00:00
[2022-09-26 20:34:35,764] {manager.py:1065} INFO - Finding 'running' jobs without a recent heartbeat
[2022-09-26 20:34:35,765] {manager.py:1069} INFO - Failing jobs without heartbeat after 2022-09-26 20:29:35.765114+00:00
[2022-09-26 20:34:45,802] {manager.py:1065} INFO - Finding 'running' jobs without a recent heartbeat
[2022-09-26 20:34:45,803] {manager.py:1069} INFO - Failing jobs without heartbeat after 2022-09-26 20:29:45.802923+00:00
[2022-09-26 20:34:55,842] {manager.py:1065} INFO - Finding 'running' jobs without a recent heartbeat
[2022-09-26 20:34:55,842] {manager.py:1069} INFO - Failing jobs without heartbeat after 2022-09-26 20:29:55.842756+00:00
[2022-09-26 20:35:05,879] {manager.py:1065} INFO - Finding 'running' jobs without a recent heartbeat
[2022-09-26 20:35:05,880] {manager.py:1069} INFO - Failing jobs without heartbeat after 2022-09-26 20:30:05.880266+00:00
[2022-09-26 20:35:15,914] {manager.py:1065} INFO - Finding 'running' jobs without a recent heartbeat
[2022-09-26 20:35:15,914] {manager.py:1069} INFO - Failing jobs without heartbeat after 2022-09-26 20:30:15.914773+00:00
[2022-09-26 20:35:25,951] {manager.py:1065} INFO - Finding 'running' jobs without a recent heartbeat
[2022-09-26 20:35:25,951] {manager.py:1069} INFO - Failing jobs without heartbeat after 2022-09-26 20:30:25.951405+00:00
[2022-09-26 20:35:35,983] {manager.py:1065} INFO - Finding 'running' jobs without a recent heartbeat
[2022-09-26 20:35:35,984] {manager.py:1069} INFO - Failing jobs without heartbeat after 2022-09-26 20:30:35.984286+00:00
[2022-09-26 20:35:46,021] {manager.py:1065} INFO - Finding 'running' jobs without a recent heartbeat
[2022-09-26 20:35:46,021] {manager.py:1069} INFO - Failing jobs without heartbeat after 2022-09-26 20:30:46.021652+00:00
[2022-09-26 20:35:56,068] {manager.py:1065} INFO - Finding 'running' jobs without a recent heartbeat
[2022-09-26 20:35:56,069] {manager.py:1069} INFO - Failing jobs without heartbeat after 2022-09-26 20:30:56.069153+00:00
[2022-09-26 20:36:06,107] {manager.py:1065} INFO - Finding 'running' jobs without a recent heartbeat
[2022-09-26 20:36:06,107] {manager.py:1069} INFO - Failing jobs without heartbeat after 2022-09-26 20:31:06.107950+00:00
[2022-09-26 20:36:16,146] {manager.py:1065} INFO - Finding 'running' jobs without a recent heartbeat
[2022-09-26 20:36:16,146] {manager.py:1069} INFO - Failing jobs without heartbeat after 2022-09-26 20:31:16.146503+00:00
[2022-09-26 20:36:26,184] {manager.py:1065} INFO - Finding 'running' jobs without a recent heartbeat
[2022-09-26 20:36:26,184] {manager.py:1069} INFO - Failing jobs without heartbeat after 2022-09-26 20:31:26.184886+00:00
[2022-09-26 20:36:36,223] {manager.py:1065} INFO - Finding 'running' jobs without a recent heartbeat
[2022-09-26 20:36:36,223] {manager.py:1069} INFO - Failing jobs without heartbeat after 2022-09-26 20:31:36.223938+00:00
[2022-09-26 20:36:46,259] {manager.py:1065} INFO - Finding 'running' jobs without a recent heartbeat
[2022-09-26 20:36:46,259] {manager.py:1069} INFO - Failing jobs without heartbeat after 2022-09-26 20:31:46.259658+00:00
[2022-09-26 20:36:56,294] {manager.py:1065} INFO - Finding 'running' jobs without a recent heartbeat
[2022-09-26 20:36:56,295] {manager.py:1069} INFO - Failing jobs without heartbeat after 2022-09-26 20:31:56.295177+00:00
[2022-09-26 20:37:06,338] {manager.py:1065} INFO - Finding 'running' jobs without a recent heartbeat
[2022-09-26 20:37:06,338] {manager.py:1069} INFO - Failing jobs without heartbeat after 2022-09-26 20:32:06.338835+00:00
[2022-09-26 20:37:16,378] {manager.py:1065} INFO - Finding 'running' jobs without a recent heartbeat
[2022-09-26 20:37:16,379] {manager.py:1069} INFO - Failing jobs without heartbeat after 2022-09-26 20:32:16.379598+00:00
[2022-09-26 20:37:27,189] {manager.py:1065} INFO - Finding 'running' jobs without a recent heartbeat
[2022-09-26 20:37:28,853] {manager.py:1069} INFO - Failing jobs without heartbeat after 2022-09-26 20:32:28.805009+00:00
[2022-09-26 20:38:08,826] {manager.py:1065} INFO - Finding 'running' jobs without a recent heartbeat
[2022-09-26 20:38:09,324] {manager.py:1069} INFO - Failing jobs without heartbeat after 2022-09-26 20:33:09.298960+00:00
[2022-09-26 20:38:54,571] {manager.py:1065} INFO - Finding 'running' jobs without a recent heartbeat
[2022-09-26 20:38:54,588] {manager.py:1069} INFO - Failing jobs without heartbeat after 2022-09-26 20:33:54.588449+00:00
[2022-09-26 20:39:05,241] {manager.py:1065} INFO - Finding 'running' jobs without a recent heartbeat
[2022-09-26 20:39:05,609] {manager.py:1069} INFO - Failing jobs without heartbeat after 2022-09-26 20:34:05.571247+00:00
[2022-09-26 20:39:26,264] {manager.py:663} INFO - Searching for files in /opt/airflow/dags
[2022-09-26 20:39:26,652] {manager.py:666} INFO - There are 0 files in /opt/airflow/dags
[2022-09-26 20:39:53,668] {manager.py:1065} INFO - Finding 'running' jobs without a recent heartbeat
[2022-09-26 20:39:54,091] {manager.py:1069} INFO - Failing jobs without heartbeat after 2022-09-26 20:34:54.041257+00:00
[2022-09-26 20:40:42,298] {manager.py:1065} INFO - Finding 'running' jobs without a recent heartbeat
[2022-09-26 20:40:42,299] {manager.py:1069} INFO - Failing jobs without heartbeat after 2022-09-26 20:35:42.299174+00:00
[2022-09-26 20:40:52,342] {manager.py:1065} INFO - Finding 'running' jobs without a recent heartbeat
[2022-09-26 20:40:52,342] {manager.py:1069} INFO - Failing jobs without heartbeat after 2022-09-26 20:35:52.342627+00:00
[2022-09-26 20:41:02,384] {manager.py:1065} INFO - Finding 'running' jobs without a recent heartbeat
[2022-09-26 20:41:02,384] {manager.py:1069} INFO - Failing jobs without heartbeat after 2022-09-26 20:36:02.384705+00:00
[2022-09-26 20:41:12,427] {manager.py:1065} INFO - Finding 'running' jobs without a recent heartbeat
[2022-09-26 20:41:12,428] {manager.py:1069} INFO - Failing jobs without heartbeat after 2022-09-26 20:36:12.428290+00:00
[2022-09-26 20:41:22,476] {manager.py:1065} INFO - Finding 'running' jobs without a recent heartbeat
[2022-09-26 20:41:22,476] {manager.py:1069} INFO - Failing jobs without heartbeat after 2022-09-26 20:36:22.476446+00:00
[2022-09-26 20:41:32,524] {manager.py:1065} INFO - Finding 'running' jobs without a recent heartbeat
[2022-09-26 20:41:32,524] {manager.py:1069} INFO - Failing jobs without heartbeat after 2022-09-26 20:36:32.524718+00:00
[2022-09-26 20:41:42,565] {manager.py:1065} INFO - Finding 'running' jobs without a recent heartbeat
[2022-09-26 20:41:42,565] {manager.py:1069} INFO - Failing jobs without heartbeat after 2022-09-26 20:36:42.565379+00:00
[2022-09-26 20:41:52,607] {manager.py:1065} INFO - Finding 'running' jobs without a recent heartbeat
[2022-09-26 20:41:52,607] {manager.py:1069} INFO - Failing jobs without heartbeat after 2022-09-26 20:36:52.607934+00:00
[2022-09-26 20:42:02,650] {manager.py:1065} INFO - Finding 'running' jobs without a recent heartbeat
[2022-09-26 20:42:02,650] {manager.py:1069} INFO - Failing jobs without heartbeat after 2022-09-26 20:37:02.650640+00:00
[2022-09-26 20:42:12,693] {manager.py:1065} INFO - Finding 'running' jobs without a recent heartbeat
[2022-09-26 20:42:12,694] {manager.py:1069} INFO - Failing jobs without heartbeat after 2022-09-26 20:37:12.694248+00:00
[2022-09-26 20:42:22,860] {manager.py:1065} INFO - Finding 'running' jobs without a recent heartbeat
[2022-09-26 20:42:23,303] {manager.py:1069} INFO - Failing jobs without heartbeat after 2022-09-26 20:37:23.203029+00:00
[2022-09-26 20:43:12,823] {manager.py:1065} INFO - Finding 'running' jobs without a recent heartbeat
[2022-09-26 20:43:13,030] {manager.py:1069} INFO - Failing jobs without heartbeat after 2022-09-26 20:38:13.013061+00:00
[2022-09-26 20:43:24,975] {manager.py:1065} INFO - Finding 'running' jobs without a recent heartbeat
[2022-09-26 20:43:26,222] {manager.py:1069} INFO - Failing jobs without heartbeat after 2022-09-26 20:38:26.021039+00:00
[2022-09-26 20:45:03,922] {manager.py:663} INFO - Searching for files in /opt/airflow/dags
[2022-09-26 20:45:04,539] {manager.py:666} INFO - There are 0 files in /opt/airflow/dags
[2022-09-26 20:45:13,620] {manager.py:1065} INFO - Finding 'running' jobs without a recent heartbeat
[2022-09-26 20:45:13,670] {manager.py:1069} INFO - Failing jobs without heartbeat after 2022-09-26 20:40:13.660290+00:00
[2022-09-26 20:45:31,380] {manager.py:1065} INFO - Finding 'running' jobs without a recent heartbeat
[2022-09-26 20:45:31,808] {manager.py:1069} INFO - Failing jobs without heartbeat after 2022-09-26 20:40:31.795282+00:00
[2022-09-26 20:48:25,385] {manager.py:1065} INFO - Finding 'running' jobs without a recent heartbeat
[2022-09-26 20:48:26,908] {manager.py:1069} INFO - Failing jobs without heartbeat after 2022-09-26 20:43:26.670789+00:00
[2022-09-26 20:49:20,160] {manager.py:1065} INFO - Finding 'running' jobs without a recent heartbeat
[2022-09-26 20:49:20,161] {manager.py:1069} INFO - Failing jobs without heartbeat after 2022-09-26 20:44:20.161306+00:00
[2022-09-26 20:49:30,207] {manager.py:1065} INFO - Finding 'running' jobs without a recent heartbeat
[2022-09-26 20:49:30,207] {manager.py:1069} INFO - Failing jobs without heartbeat after 2022-09-26 20:44:30.207763+00:00
[2022-09-26 20:49:40,250] {manager.py:1065} INFO - Finding 'running' jobs without a recent heartbeat
[2022-09-26 20:49:40,250] {manager.py:1069} INFO - Failing jobs without heartbeat after 2022-09-26 20:44:40.250706+00:00
[2022-09-26 20:49:50,293] {manager.py:1065} INFO - Finding 'running' jobs without a recent heartbeat
[2022-09-26 20:49:50,294] {manager.py:1069} INFO - Failing jobs without heartbeat after 2022-09-26 20:44:50.294430+00:00
[2022-09-26 20:50:00,337] {manager.py:1065} INFO - Finding 'running' jobs without a recent heartbeat
[2022-09-26 20:50:00,337] {manager.py:1069} INFO - Failing jobs without heartbeat after 2022-09-26 20:45:00.337598+00:00
[2022-09-26 20:50:04,364] {manager.py:663} INFO - Searching for files in /opt/airflow/dags
[2022-09-26 20:50:04,372] {manager.py:666} INFO - There are 0 files in /opt/airflow/dags
[2022-09-26 20:50:10,408] {manager.py:1065} INFO - Finding 'running' jobs without a recent heartbeat
[2022-09-26 20:50:10,408] {manager.py:1069} INFO - Failing jobs without heartbeat after 2022-09-26 20:45:10.408643+00:00
[2022-09-26 20:50:20,450] {manager.py:1065} INFO - Finding 'running' jobs without a recent heartbeat
[2022-09-26 20:50:20,451] {manager.py:1069} INFO - Failing jobs without heartbeat after 2022-09-26 20:45:20.450928+00:00
[2022-09-26 20:50:30,504] {manager.py:1065} INFO - Finding 'running' jobs without a recent heartbeat
[2022-09-26 20:50:30,505] {manager.py:1069} INFO - Failing jobs without heartbeat after 2022-09-26 20:45:30.505263+00:00
[2022-09-26 20:50:40,546] {manager.py:1065} INFO - Finding 'running' jobs without a recent heartbeat
[2022-09-26 20:50:40,547] {manager.py:1069} INFO - Failing jobs without heartbeat after 2022-09-26 20:45:40.547318+00:00
[2022-09-26 20:50:50,590] {manager.py:1065} INFO - Finding 'running' jobs without a recent heartbeat
[2022-09-26 20:50:50,590] {manager.py:1069} INFO - Failing jobs without heartbeat after 2022-09-26 20:45:50.590805+00:00
[2022-09-26 20:51:00,637] {manager.py:1065} INFO - Finding 'running' jobs without a recent heartbeat
[2022-09-26 20:51:00,637] {manager.py:1069} INFO - Failing jobs without heartbeat after 2022-09-26 20:46:00.637909+00:00
[2022-09-26 20:51:10,683] {manager.py:1065} INFO - Finding 'running' jobs without a recent heartbeat
[2022-09-26 20:51:10,684] {manager.py:1069} INFO - Failing jobs without heartbeat after 2022-09-26 20:46:10.684111+00:00
[2022-09-26 20:51:20,727] {manager.py:1065} INFO - Finding 'running' jobs without a recent heartbeat
[2022-09-26 20:51:20,727] {manager.py:1069} INFO - Failing jobs without heartbeat after 2022-09-26 20:46:20.727353+00:00
[2022-09-26 20:51:30,769] {manager.py:1065} INFO - Finding 'running' jobs without a recent heartbeat
[2022-09-26 20:51:30,770] {manager.py:1069} INFO - Failing jobs without heartbeat after 2022-09-26 20:46:30.770364+00:00
[2022-09-26 20:51:40,813] {manager.py:1065} INFO - Finding 'running' jobs without a recent heartbeat
[2022-09-26 20:51:40,814] {manager.py:1069} INFO - Failing jobs without heartbeat after 2022-09-26 20:46:40.814008+00:00
[2022-09-26 20:51:50,861] {manager.py:1065} INFO - Finding 'running' jobs without a recent heartbeat
[2022-09-26 20:51:50,862] {manager.py:1069} INFO - Failing jobs without heartbeat after 2022-09-26 20:46:50.862139+00:00
[2022-09-26 20:52:00,901] {manager.py:1065} INFO - Finding 'running' jobs without a recent heartbeat
[2022-09-26 20:52:00,902] {manager.py:1069} INFO - Failing jobs without heartbeat after 2022-09-26 20:47:00.902081+00:00
[2022-09-26 20:52:10,946] {manager.py:1065} INFO - Finding 'running' jobs without a recent heartbeat
[2022-09-26 20:52:10,946] {manager.py:1069} INFO - Failing jobs without heartbeat after 2022-09-26 20:47:10.946687+00:00
[2022-09-26 20:52:20,994] {manager.py:1065} INFO - Finding 'running' jobs without a recent heartbeat
[2022-09-26 20:52:20,997] {manager.py:1069} INFO - Failing jobs without heartbeat after 2022-09-26 20:47:20.997036+00:00
[2022-09-26 20:52:31,045] {manager.py:1065} INFO - Finding 'running' jobs without a recent heartbeat
[2022-09-26 20:52:31,046] {manager.py:1069} INFO - Failing jobs without heartbeat after 2022-09-26 20:47:31.046211+00:00
[2022-09-26 20:52:41,100] {manager.py:1065} INFO - Finding 'running' jobs without a recent heartbeat
[2022-09-26 20:52:41,100] {manager.py:1069} INFO - Failing jobs without heartbeat after 2022-09-26 20:47:41.100664+00:00
[2022-09-26 20:52:51,146] {manager.py:1065} INFO - Finding 'running' jobs without a recent heartbeat
[2022-09-26 20:52:51,147] {manager.py:1069} INFO - Failing jobs without heartbeat after 2022-09-26 20:47:51.147011+00:00
[2022-09-26 20:53:01,190] {manager.py:1065} INFO - Finding 'running' jobs without a recent heartbeat
[2022-09-26 20:53:01,190] {manager.py:1069} INFO - Failing jobs without heartbeat after 2022-09-26 20:48:01.190892+00:00
[2022-09-26 20:53:11,232] {manager.py:1065} INFO - Finding 'running' jobs without a recent heartbeat
[2022-09-26 20:53:11,232] {manager.py:1069} INFO - Failing jobs without heartbeat after 2022-09-26 20:48:11.232397+00:00
