[2022-10-04 17:23:31,771] {taskinstance.py:1032} INFO - Dependencies all met for <TaskInstance: data_ingestion_gcs_dag.format_to_parquet_task scheduled__2022-09-28T00:00:00+00:00 [queued]>
[2022-10-04 17:23:31,794] {taskinstance.py:1032} INFO - Dependencies all met for <TaskInstance: data_ingestion_gcs_dag.format_to_parquet_task scheduled__2022-09-28T00:00:00+00:00 [queued]>
[2022-10-04 17:23:31,794] {taskinstance.py:1238} INFO - 
--------------------------------------------------------------------------------
[2022-10-04 17:23:31,794] {taskinstance.py:1239} INFO - Starting attempt 1 of 2
[2022-10-04 17:23:31,795] {taskinstance.py:1240} INFO - 
--------------------------------------------------------------------------------
[2022-10-04 17:23:31,816] {taskinstance.py:1259} INFO - Executing <Task(PythonOperator): format_to_parquet_task> on 2022-09-28 00:00:00+00:00
[2022-10-04 17:23:31,828] {standard_task_runner.py:52} INFO - Started process 737 to run task
[2022-10-04 17:23:31,834] {standard_task_runner.py:76} INFO - Running: ['***', 'tasks', 'run', 'data_ingestion_gcs_dag', 'format_to_parquet_task', 'scheduled__2022-09-28T00:00:00+00:00', '--job-id', '4', '--raw', '--subdir', 'DAGS_FOLDER/data_ingestion_gcs_dag.py', '--cfg-path', '/tmp/tmpjjabgegv', '--error-file', '/tmp/tmppzroe5x8']
[2022-10-04 17:23:31,836] {standard_task_runner.py:77} INFO - Job 4: Subtask format_to_parquet_task
[2022-10-04 17:23:31,931] {logging_mixin.py:109} INFO - Running <TaskInstance: data_ingestion_gcs_dag.format_to_parquet_task scheduled__2022-09-28T00:00:00+00:00 [running]> on host 3adc7691bbaa
[2022-10-04 17:23:32,060] {taskinstance.py:1426} INFO - Exporting the following env vars:
AIRFLOW_CTX_DAG_OWNER=***
AIRFLOW_CTX_DAG_ID=data_ingestion_gcs_dag
AIRFLOW_CTX_TASK_ID=format_to_parquet_task
AIRFLOW_CTX_EXECUTION_DATE=2022-09-28T00:00:00+00:00
AIRFLOW_CTX_DAG_RUN_ID=scheduled__2022-09-28T00:00:00+00:00
[2022-10-04 17:23:32,061] {data_ingestion_gcs_dag.py:34} ERROR - Can only accept source files in csv format, for the moment
[2022-10-04 17:23:32,062] {python.py:175} INFO - Done. Returned value was: None
[2022-10-04 17:23:32,088] {taskinstance.py:1277} INFO - Marking task as SUCCESS. dag_id=data_ingestion_gcs_dag, task_id=format_to_parquet_task, execution_date=20220928T000000, start_date=20221004T172331, end_date=20221004T172332
[2022-10-04 17:23:32,165] {local_task_job.py:154} INFO - Task exited with return code 0
[2022-10-04 17:23:32,253] {local_task_job.py:264} INFO - 0 downstream tasks scheduled from follow-on schedule check
