[2022-10-04 18:51:52,411] {taskinstance.py:1032} INFO - Dependencies all met for <TaskInstance: data_ingestion_gcs_dag.local_to_gcs_task manual__2022-10-04T18:51:21.021307+00:00 [queued]>
[2022-10-04 18:51:52,430] {taskinstance.py:1032} INFO - Dependencies all met for <TaskInstance: data_ingestion_gcs_dag.local_to_gcs_task manual__2022-10-04T18:51:21.021307+00:00 [queued]>
[2022-10-04 18:51:52,430] {taskinstance.py:1238} INFO - 
--------------------------------------------------------------------------------
[2022-10-04 18:51:52,430] {taskinstance.py:1239} INFO - Starting attempt 1 of 2
[2022-10-04 18:51:52,430] {taskinstance.py:1240} INFO - 
--------------------------------------------------------------------------------
[2022-10-04 18:51:52,450] {taskinstance.py:1259} INFO - Executing <Task(PythonOperator): local_to_gcs_task> on 2022-10-04 18:51:21.021307+00:00
[2022-10-04 18:51:52,461] {standard_task_runner.py:52} INFO - Started process 6705 to run task
[2022-10-04 18:51:52,467] {standard_task_runner.py:76} INFO - Running: ['***', 'tasks', 'run', 'data_ingestion_gcs_dag', 'local_to_gcs_task', 'manual__2022-10-04T18:51:21.021307+00:00', '--job-id', '45', '--raw', '--subdir', 'DAGS_FOLDER/data_ingestion_gcs_dag.py', '--cfg-path', '/tmp/tmp2gab91qx', '--error-file', '/tmp/tmptw25x51h']
[2022-10-04 18:51:52,469] {standard_task_runner.py:77} INFO - Job 45: Subtask local_to_gcs_task
[2022-10-04 18:51:52,559] {logging_mixin.py:109} INFO - Running <TaskInstance: data_ingestion_gcs_dag.local_to_gcs_task manual__2022-10-04T18:51:21.021307+00:00 [running]> on host 3adc7691bbaa
[2022-10-04 18:51:52,662] {taskinstance.py:1426} INFO - Exporting the following env vars:
AIRFLOW_CTX_DAG_OWNER=***
AIRFLOW_CTX_DAG_ID=data_ingestion_gcs_dag
AIRFLOW_CTX_TASK_ID=local_to_gcs_task
AIRFLOW_CTX_EXECUTION_DATE=2022-10-04T18:51:21.021307+00:00
AIRFLOW_CTX_DAG_RUN_ID=manual__2022-10-04T18:51:21.021307+00:00
[2022-10-04 18:52:15,763] {python.py:175} INFO - Done. Returned value was: None
[2022-10-04 18:52:15,788] {taskinstance.py:1277} INFO - Marking task as SUCCESS. dag_id=data_ingestion_gcs_dag, task_id=local_to_gcs_task, execution_date=20221004T185121, start_date=20221004T185152, end_date=20221004T185215
[2022-10-04 18:52:15,845] {local_task_job.py:154} INFO - Task exited with return code 0
[2022-10-04 18:52:15,904] {local_task_job.py:264} INFO - 1 downstream tasks scheduled from follow-on schedule check
