[2022-10-04 18:01:21,688] {taskinstance.py:1032} INFO - Dependencies all met for <TaskInstance: data_ingestion_gcs_dag.format_to_parquet_task manual__2022-10-04T18:00:03.273229+00:00 [queued]>
[2022-10-04 18:01:21,710] {taskinstance.py:1032} INFO - Dependencies all met for <TaskInstance: data_ingestion_gcs_dag.format_to_parquet_task manual__2022-10-04T18:00:03.273229+00:00 [queued]>
[2022-10-04 18:01:21,710] {taskinstance.py:1238} INFO - 
--------------------------------------------------------------------------------
[2022-10-04 18:01:21,711] {taskinstance.py:1239} INFO - Starting attempt 1 of 2
[2022-10-04 18:01:21,711] {taskinstance.py:1240} INFO - 
--------------------------------------------------------------------------------
[2022-10-04 18:01:21,737] {taskinstance.py:1259} INFO - Executing <Task(PythonOperator): format_to_parquet_task> on 2022-10-04 18:00:03.273229+00:00
[2022-10-04 18:01:21,749] {standard_task_runner.py:52} INFO - Started process 3367 to run task
[2022-10-04 18:01:21,755] {standard_task_runner.py:76} INFO - Running: ['***', 'tasks', 'run', 'data_ingestion_gcs_dag', 'format_to_parquet_task', 'manual__2022-10-04T18:00:03.273229+00:00', '--job-id', '24', '--raw', '--subdir', 'DAGS_FOLDER/data_ingestion_gcs_dag.py', '--cfg-path', '/tmp/tmpvs4cievo', '--error-file', '/tmp/tmpichfs8ge']
[2022-10-04 18:01:21,757] {standard_task_runner.py:77} INFO - Job 24: Subtask format_to_parquet_task
[2022-10-04 18:01:21,848] {logging_mixin.py:109} INFO - Running <TaskInstance: data_ingestion_gcs_dag.format_to_parquet_task manual__2022-10-04T18:00:03.273229+00:00 [running]> on host 3adc7691bbaa
[2022-10-04 18:01:21,952] {taskinstance.py:1426} INFO - Exporting the following env vars:
AIRFLOW_CTX_DAG_OWNER=***
AIRFLOW_CTX_DAG_ID=data_ingestion_gcs_dag
AIRFLOW_CTX_TASK_ID=format_to_parquet_task
AIRFLOW_CTX_EXECUTION_DATE=2022-10-04T18:00:03.273229+00:00
AIRFLOW_CTX_DAG_RUN_ID=manual__2022-10-04T18:00:03.273229+00:00
[2022-10-04 18:01:21,954] {data_ingestion_gcs_dag.py:34} ERROR - Can only accept source files in csv format, for the moment
[2022-10-04 18:01:21,954] {python.py:175} INFO - Done. Returned value was: None
[2022-10-04 18:01:21,976] {taskinstance.py:1277} INFO - Marking task as SUCCESS. dag_id=data_ingestion_gcs_dag, task_id=format_to_parquet_task, execution_date=20221004T180003, start_date=20221004T180121, end_date=20221004T180121
[2022-10-04 18:01:22,047] {local_task_job.py:154} INFO - Task exited with return code 0
[2022-10-04 18:01:22,117] {local_task_job.py:264} INFO - 1 downstream tasks scheduled from follow-on schedule check
