[2022-09-29 10:54:49,734] {processor.py:163} INFO - Started process (PID=171) to work on /opt/airflow/dags/data_ingestion_gcs_dag.py
[2022-09-29 10:54:49,736] {processor.py:642} INFO - Processing file /opt/airflow/dags/data_ingestion_gcs_dag.py for tasks to queue
[2022-09-29 10:54:49,737] {logging_mixin.py:109} INFO - [2022-09-29 10:54:49,737] {dagbag.py:500} INFO - Filling up the DagBag from /opt/airflow/dags/data_ingestion_gcs_dag.py
[2022-09-29 10:54:53,616] {logging_mixin.py:109} INFO - [2022-09-29 10:54:53,613] {dagbag.py:334} ERROR - Failed to import: /opt/airflow/dags/data_ingestion_gcs_dag.py
Traceback (most recent call last):
  File "/home/airflow/.local/lib/python3.7/site-packages/airflow/models/dagbag.py", line 331, in _load_modules_from_file
    loader.exec_module(new_module)
  File "<frozen importlib._bootstrap_external>", line 728, in exec_module
  File "<frozen importlib._bootstrap>", line 219, in _call_with_frames_removed
  File "/opt/airflow/dags/data_ingestion_gcs_dag.py", line 131, in <module>
    "sourceUris":[f"gs://{BUCKET}/raw/{parquet_file}"],
  File "/home/airflow/.local/lib/python3.7/site-packages/airflow/models/baseoperator.py", line 188, in apply_defaults
    result = func(self, *args, **kwargs)
  File "/home/airflow/.local/lib/python3.7/site-packages/airflow/providers/google/cloud/operators/bigquery.py", line 1116, in __init__
    super().__init__(**kwargs)
  File "/home/airflow/.local/lib/python3.7/site-packages/airflow/models/baseoperator.py", line 188, in apply_defaults
    result = func(self, *args, **kwargs)
  File "/home/airflow/.local/lib/python3.7/site-packages/airflow/models/baseoperator.py", line 537, in __init__
    "arguments were:\n**kwargs: {k}".format(c=self.__class__.__name__, k=kwargs, t=task_id),
airflow.exceptions.AirflowException: Invalid arguments were passed to BigQueryCreateExternalTableOperator (task_id: bigquery_external_table_task). Invalid arguments were:
**kwargs: {'table_resources': {'tableReference': {'projectId': None, 'datasetId': 'trips_data_all', 'tableId': 'external_table'}, 'externalDataConfiguration': {'sourceFormat': 'PARQUET', 'sourceUris': ['gs://None/raw/yellow_trpdata_2021-01.parquet']}}}
[2022-09-29 10:54:53,639] {processor.py:656} WARNING - No viable dags retrieved from /opt/airflow/dags/data_ingestion_gcs_dag.py
[2022-09-29 10:54:53,655] {processor.py:171} INFO - Processing /opt/airflow/dags/data_ingestion_gcs_dag.py took 3.925 seconds
[2022-09-29 10:55:23,780] {processor.py:163} INFO - Started process (PID=202) to work on /opt/airflow/dags/data_ingestion_gcs_dag.py
[2022-09-29 10:55:23,782] {processor.py:642} INFO - Processing file /opt/airflow/dags/data_ingestion_gcs_dag.py for tasks to queue
[2022-09-29 10:55:23,783] {logging_mixin.py:109} INFO - [2022-09-29 10:55:23,783] {dagbag.py:500} INFO - Filling up the DagBag from /opt/airflow/dags/data_ingestion_gcs_dag.py
[2022-09-29 10:55:24,977] {logging_mixin.py:109} INFO - [2022-09-29 10:55:24,973] {dagbag.py:334} ERROR - Failed to import: /opt/airflow/dags/data_ingestion_gcs_dag.py
Traceback (most recent call last):
  File "/home/airflow/.local/lib/python3.7/site-packages/airflow/models/dagbag.py", line 331, in _load_modules_from_file
    loader.exec_module(new_module)
  File "<frozen importlib._bootstrap_external>", line 728, in exec_module
  File "<frozen importlib._bootstrap>", line 219, in _call_with_frames_removed
  File "/opt/airflow/dags/data_ingestion_gcs_dag.py", line 131, in <module>
    "sourceUris":[f"gs://{BUCKET}/raw/{parquet_file}"],
  File "/home/airflow/.local/lib/python3.7/site-packages/airflow/models/baseoperator.py", line 188, in apply_defaults
    result = func(self, *args, **kwargs)
  File "/home/airflow/.local/lib/python3.7/site-packages/airflow/providers/google/cloud/operators/bigquery.py", line 1116, in __init__
    super().__init__(**kwargs)
  File "/home/airflow/.local/lib/python3.7/site-packages/airflow/models/baseoperator.py", line 188, in apply_defaults
    result = func(self, *args, **kwargs)
  File "/home/airflow/.local/lib/python3.7/site-packages/airflow/models/baseoperator.py", line 537, in __init__
    "arguments were:\n**kwargs: {k}".format(c=self.__class__.__name__, k=kwargs, t=task_id),
airflow.exceptions.AirflowException: Invalid arguments were passed to BigQueryCreateExternalTableOperator (task_id: bigquery_external_table_task). Invalid arguments were:
**kwargs: {'table_resources': {'tableReference': {'projectId': None, 'datasetId': 'trips_data_all', 'tableId': 'external_table'}, 'externalDataConfiguration': {'sourceFormat': 'PARQUET', 'sourceUris': ['gs://None/raw/yellow_trpdata_2021-01.parquet']}}}
[2022-09-29 10:55:25,006] {processor.py:656} WARNING - No viable dags retrieved from /opt/airflow/dags/data_ingestion_gcs_dag.py
[2022-09-29 10:55:25,020] {processor.py:171} INFO - Processing /opt/airflow/dags/data_ingestion_gcs_dag.py took 1.244 seconds
[2022-09-29 10:55:55,091] {processor.py:163} INFO - Started process (PID=233) to work on /opt/airflow/dags/data_ingestion_gcs_dag.py
[2022-09-29 10:55:55,092] {processor.py:642} INFO - Processing file /opt/airflow/dags/data_ingestion_gcs_dag.py for tasks to queue
[2022-09-29 10:55:55,093] {logging_mixin.py:109} INFO - [2022-09-29 10:55:55,093] {dagbag.py:500} INFO - Filling up the DagBag from /opt/airflow/dags/data_ingestion_gcs_dag.py
[2022-09-29 10:55:56,235] {logging_mixin.py:109} INFO - [2022-09-29 10:55:56,232] {dagbag.py:334} ERROR - Failed to import: /opt/airflow/dags/data_ingestion_gcs_dag.py
Traceback (most recent call last):
  File "/home/airflow/.local/lib/python3.7/site-packages/airflow/models/dagbag.py", line 331, in _load_modules_from_file
    loader.exec_module(new_module)
  File "<frozen importlib._bootstrap_external>", line 728, in exec_module
  File "<frozen importlib._bootstrap>", line 219, in _call_with_frames_removed
  File "/opt/airflow/dags/data_ingestion_gcs_dag.py", line 131, in <module>
    "sourceUris":[f"gs://{BUCKET}/raw/{parquet_file}"],
  File "/home/airflow/.local/lib/python3.7/site-packages/airflow/models/baseoperator.py", line 188, in apply_defaults
    result = func(self, *args, **kwargs)
  File "/home/airflow/.local/lib/python3.7/site-packages/airflow/providers/google/cloud/operators/bigquery.py", line 1116, in __init__
    super().__init__(**kwargs)
  File "/home/airflow/.local/lib/python3.7/site-packages/airflow/models/baseoperator.py", line 188, in apply_defaults
    result = func(self, *args, **kwargs)
  File "/home/airflow/.local/lib/python3.7/site-packages/airflow/models/baseoperator.py", line 537, in __init__
    "arguments were:\n**kwargs: {k}".format(c=self.__class__.__name__, k=kwargs, t=task_id),
airflow.exceptions.AirflowException: Invalid arguments were passed to BigQueryCreateExternalTableOperator (task_id: bigquery_external_table_task). Invalid arguments were:
**kwargs: {'table_resources': {'tableReference': {'projectId': None, 'datasetId': 'trips_data_all', 'tableId': 'external_table'}, 'externalDataConfiguration': {'sourceFormat': 'PARQUET', 'sourceUris': ['gs://None/raw/yellow_trpdata_2021-01.parquet']}}}
[2022-09-29 10:55:56,258] {processor.py:656} WARNING - No viable dags retrieved from /opt/airflow/dags/data_ingestion_gcs_dag.py
[2022-09-29 10:55:56,276] {processor.py:171} INFO - Processing /opt/airflow/dags/data_ingestion_gcs_dag.py took 1.190 seconds
[2022-09-29 10:56:27,000] {processor.py:163} INFO - Started process (PID=273) to work on /opt/airflow/dags/data_ingestion_gcs_dag.py
[2022-09-29 10:56:27,002] {processor.py:642} INFO - Processing file /opt/airflow/dags/data_ingestion_gcs_dag.py for tasks to queue
[2022-09-29 10:56:27,003] {logging_mixin.py:109} INFO - [2022-09-29 10:56:27,003] {dagbag.py:500} INFO - Filling up the DagBag from /opt/airflow/dags/data_ingestion_gcs_dag.py
[2022-09-29 10:56:28,750] {logging_mixin.py:109} INFO - [2022-09-29 10:56:28,747] {dagbag.py:334} ERROR - Failed to import: /opt/airflow/dags/data_ingestion_gcs_dag.py
Traceback (most recent call last):
  File "/home/airflow/.local/lib/python3.7/site-packages/airflow/models/dagbag.py", line 331, in _load_modules_from_file
    loader.exec_module(new_module)
  File "<frozen importlib._bootstrap_external>", line 728, in exec_module
  File "<frozen importlib._bootstrap>", line 219, in _call_with_frames_removed
  File "/opt/airflow/dags/data_ingestion_gcs_dag.py", line 131, in <module>
    "sourceUris":[f"gs://{BUCKET}/raw/{parquet_file}"],
  File "/home/airflow/.local/lib/python3.7/site-packages/airflow/models/baseoperator.py", line 188, in apply_defaults
    result = func(self, *args, **kwargs)
  File "/home/airflow/.local/lib/python3.7/site-packages/airflow/providers/google/cloud/operators/bigquery.py", line 1116, in __init__
    super().__init__(**kwargs)
  File "/home/airflow/.local/lib/python3.7/site-packages/airflow/models/baseoperator.py", line 188, in apply_defaults
    result = func(self, *args, **kwargs)
  File "/home/airflow/.local/lib/python3.7/site-packages/airflow/models/baseoperator.py", line 537, in __init__
    "arguments were:\n**kwargs: {k}".format(c=self.__class__.__name__, k=kwargs, t=task_id),
airflow.exceptions.AirflowException: Invalid arguments were passed to BigQueryCreateExternalTableOperator (task_id: bigquery_external_table_task). Invalid arguments were:
**kwargs: {'table_resources': {'tableReference': {'projectId': None, 'datasetId': 'trips_data_all', 'tableId': 'external_table'}, 'externalDataConfiguration': {'sourceFormat': 'PARQUET', 'sourceUris': ['gs://None/raw/yellow_trpdata_2021-01.parquet']}}}
[2022-09-29 10:56:28,777] {processor.py:656} WARNING - No viable dags retrieved from /opt/airflow/dags/data_ingestion_gcs_dag.py
[2022-09-29 10:56:28,800] {processor.py:171} INFO - Processing /opt/airflow/dags/data_ingestion_gcs_dag.py took 1.803 seconds
[2022-09-29 10:56:59,602] {processor.py:163} INFO - Started process (PID=303) to work on /opt/airflow/dags/data_ingestion_gcs_dag.py
[2022-09-29 10:56:59,604] {processor.py:642} INFO - Processing file /opt/airflow/dags/data_ingestion_gcs_dag.py for tasks to queue
[2022-09-29 10:56:59,605] {logging_mixin.py:109} INFO - [2022-09-29 10:56:59,605] {dagbag.py:500} INFO - Filling up the DagBag from /opt/airflow/dags/data_ingestion_gcs_dag.py
[2022-09-29 10:57:00,853] {logging_mixin.py:109} INFO - [2022-09-29 10:57:00,849] {dagbag.py:334} ERROR - Failed to import: /opt/airflow/dags/data_ingestion_gcs_dag.py
Traceback (most recent call last):
  File "/home/airflow/.local/lib/python3.7/site-packages/airflow/models/dagbag.py", line 331, in _load_modules_from_file
    loader.exec_module(new_module)
  File "<frozen importlib._bootstrap_external>", line 728, in exec_module
  File "<frozen importlib._bootstrap>", line 219, in _call_with_frames_removed
  File "/opt/airflow/dags/data_ingestion_gcs_dag.py", line 131, in <module>
    "sourceUris":[f"gs://{BUCKET}/raw/{parquet_file}"],
  File "/home/airflow/.local/lib/python3.7/site-packages/airflow/models/baseoperator.py", line 188, in apply_defaults
    result = func(self, *args, **kwargs)
  File "/home/airflow/.local/lib/python3.7/site-packages/airflow/providers/google/cloud/operators/bigquery.py", line 1116, in __init__
    super().__init__(**kwargs)
  File "/home/airflow/.local/lib/python3.7/site-packages/airflow/models/baseoperator.py", line 188, in apply_defaults
    result = func(self, *args, **kwargs)
  File "/home/airflow/.local/lib/python3.7/site-packages/airflow/models/baseoperator.py", line 537, in __init__
    "arguments were:\n**kwargs: {k}".format(c=self.__class__.__name__, k=kwargs, t=task_id),
airflow.exceptions.AirflowException: Invalid arguments were passed to BigQueryCreateExternalTableOperator (task_id: bigquery_external_table_task). Invalid arguments were:
**kwargs: {'table_resources': {'tableReference': {'projectId': None, 'datasetId': 'trips_data_all', 'tableId': 'external_table'}, 'externalDataConfiguration': {'sourceFormat': 'PARQUET', 'sourceUris': ['gs://None/raw/yellow_trpdata_2021-01.parquet']}}}
[2022-09-29 10:57:00,876] {processor.py:656} WARNING - No viable dags retrieved from /opt/airflow/dags/data_ingestion_gcs_dag.py
[2022-09-29 10:57:00,895] {processor.py:171} INFO - Processing /opt/airflow/dags/data_ingestion_gcs_dag.py took 1.296 seconds
[2022-09-29 10:57:31,504] {processor.py:163} INFO - Started process (PID=334) to work on /opt/airflow/dags/data_ingestion_gcs_dag.py
[2022-09-29 10:57:31,506] {processor.py:642} INFO - Processing file /opt/airflow/dags/data_ingestion_gcs_dag.py for tasks to queue
[2022-09-29 10:57:31,507] {logging_mixin.py:109} INFO - [2022-09-29 10:57:31,507] {dagbag.py:500} INFO - Filling up the DagBag from /opt/airflow/dags/data_ingestion_gcs_dag.py
[2022-09-29 10:57:33,219] {logging_mixin.py:109} INFO - [2022-09-29 10:57:33,213] {dagbag.py:334} ERROR - Failed to import: /opt/airflow/dags/data_ingestion_gcs_dag.py
Traceback (most recent call last):
  File "/home/airflow/.local/lib/python3.7/site-packages/airflow/models/dagbag.py", line 331, in _load_modules_from_file
    loader.exec_module(new_module)
  File "<frozen importlib._bootstrap_external>", line 728, in exec_module
  File "<frozen importlib._bootstrap>", line 219, in _call_with_frames_removed
  File "/opt/airflow/dags/data_ingestion_gcs_dag.py", line 131, in <module>
    "sourceUris":[f"gs://{BUCKET}/raw/{parquet_file}"],
  File "/home/airflow/.local/lib/python3.7/site-packages/airflow/models/baseoperator.py", line 188, in apply_defaults
    result = func(self, *args, **kwargs)
  File "/home/airflow/.local/lib/python3.7/site-packages/airflow/providers/google/cloud/operators/bigquery.py", line 1116, in __init__
    super().__init__(**kwargs)
  File "/home/airflow/.local/lib/python3.7/site-packages/airflow/models/baseoperator.py", line 188, in apply_defaults
    result = func(self, *args, **kwargs)
  File "/home/airflow/.local/lib/python3.7/site-packages/airflow/models/baseoperator.py", line 537, in __init__
    "arguments were:\n**kwargs: {k}".format(c=self.__class__.__name__, k=kwargs, t=task_id),
airflow.exceptions.AirflowException: Invalid arguments were passed to BigQueryCreateExternalTableOperator (task_id: bigquery_external_table_task). Invalid arguments were:
**kwargs: {'table_resources': {'tableReference': {'projectId': None, 'datasetId': 'trips_data_all', 'tableId': 'external_table'}, 'externalDataConfiguration': {'sourceFormat': 'PARQUET', 'sourceUris': ['gs://None/raw/yellow_trpdata_2021-01.parquet']}}}
[2022-09-29 10:57:33,257] {processor.py:656} WARNING - No viable dags retrieved from /opt/airflow/dags/data_ingestion_gcs_dag.py
[2022-09-29 10:57:33,283] {processor.py:171} INFO - Processing /opt/airflow/dags/data_ingestion_gcs_dag.py took 1.784 seconds
[2022-09-29 10:57:50,384] {processor.py:163} INFO - Started process (PID=356) to work on /opt/airflow/dags/data_ingestion_gcs_dag.py
[2022-09-29 10:57:50,386] {processor.py:642} INFO - Processing file /opt/airflow/dags/data_ingestion_gcs_dag.py for tasks to queue
[2022-09-29 10:57:50,387] {logging_mixin.py:109} INFO - [2022-09-29 10:57:50,386] {dagbag.py:500} INFO - Filling up the DagBag from /opt/airflow/dags/data_ingestion_gcs_dag.py
[2022-09-29 10:57:51,876] {processor.py:654} INFO - DAG(s) dict_keys(['data_ingestion_gcs_dag']) retrieved from /opt/airflow/dags/data_ingestion_gcs_dag.py
[2022-09-29 10:57:57,233] {logging_mixin.py:109} INFO - [2022-09-29 10:57:57,233] {manager.py:496} INFO - Created Permission View: can edit on DAG:data_ingestion_gcs_dag
[2022-09-29 10:57:57,251] {logging_mixin.py:109} INFO - [2022-09-29 10:57:57,250] {manager.py:496} INFO - Created Permission View: can read on DAG:data_ingestion_gcs_dag
[2022-09-29 10:57:57,251] {logging_mixin.py:109} INFO - [2022-09-29 10:57:57,251] {dag.py:2396} INFO - Sync 1 DAGs
[2022-09-29 10:57:57,263] {logging_mixin.py:109} INFO - [2022-09-29 10:57:57,263] {dag.py:2415} INFO - Creating ORM DAG for data_ingestion_gcs_dag
[2022-09-29 10:57:57,280] {logging_mixin.py:109} INFO - [2022-09-29 10:57:57,280] {dag.py:2935} INFO - Setting next_dagrun for data_ingestion_gcs_dag to 2022-09-28 00:00:00+00:00
[2022-09-29 10:57:57,311] {processor.py:171} INFO - Processing /opt/airflow/dags/data_ingestion_gcs_dag.py took 6.931 seconds
[2022-09-29 10:58:27,797] {processor.py:163} INFO - Started process (PID=396) to work on /opt/airflow/dags/data_ingestion_gcs_dag.py
[2022-09-29 10:58:27,799] {processor.py:642} INFO - Processing file /opt/airflow/dags/data_ingestion_gcs_dag.py for tasks to queue
[2022-09-29 10:58:27,800] {logging_mixin.py:109} INFO - [2022-09-29 10:58:27,800] {dagbag.py:500} INFO - Filling up the DagBag from /opt/airflow/dags/data_ingestion_gcs_dag.py
[2022-09-29 10:58:29,394] {processor.py:654} INFO - DAG(s) dict_keys(['data_ingestion_gcs_dag']) retrieved from /opt/airflow/dags/data_ingestion_gcs_dag.py
[2022-09-29 10:58:29,410] {logging_mixin.py:109} INFO - [2022-09-29 10:58:29,409] {dag.py:2396} INFO - Sync 1 DAGs
[2022-09-29 10:58:29,437] {logging_mixin.py:109} INFO - [2022-09-29 10:58:29,437] {dag.py:2935} INFO - Setting next_dagrun for data_ingestion_gcs_dag to 2022-09-28 00:00:00+00:00
[2022-09-29 10:58:29,452] {processor.py:171} INFO - Processing /opt/airflow/dags/data_ingestion_gcs_dag.py took 1.660 seconds
[2022-09-29 10:58:59,579] {processor.py:163} INFO - Started process (PID=440) to work on /opt/airflow/dags/data_ingestion_gcs_dag.py
[2022-09-29 10:58:59,581] {processor.py:642} INFO - Processing file /opt/airflow/dags/data_ingestion_gcs_dag.py for tasks to queue
[2022-09-29 10:58:59,582] {logging_mixin.py:109} INFO - [2022-09-29 10:58:59,582] {dagbag.py:500} INFO - Filling up the DagBag from /opt/airflow/dags/data_ingestion_gcs_dag.py
[2022-09-29 10:59:00,775] {processor.py:654} INFO - DAG(s) dict_keys(['data_ingestion_gcs_dag']) retrieved from /opt/airflow/dags/data_ingestion_gcs_dag.py
[2022-09-29 10:59:00,789] {logging_mixin.py:109} INFO - [2022-09-29 10:59:00,788] {dag.py:2396} INFO - Sync 1 DAGs
[2022-09-29 10:59:00,830] {processor.py:171} INFO - Processing /opt/airflow/dags/data_ingestion_gcs_dag.py took 1.255 seconds
[2022-09-29 10:59:30,943] {processor.py:163} INFO - Started process (PID=471) to work on /opt/airflow/dags/data_ingestion_gcs_dag.py
[2022-09-29 10:59:30,951] {processor.py:642} INFO - Processing file /opt/airflow/dags/data_ingestion_gcs_dag.py for tasks to queue
[2022-09-29 10:59:30,952] {logging_mixin.py:109} INFO - [2022-09-29 10:59:30,952] {dagbag.py:500} INFO - Filling up the DagBag from /opt/airflow/dags/data_ingestion_gcs_dag.py
[2022-09-29 10:59:32,209] {processor.py:654} INFO - DAG(s) dict_keys(['data_ingestion_gcs_dag']) retrieved from /opt/airflow/dags/data_ingestion_gcs_dag.py
[2022-09-29 10:59:32,225] {logging_mixin.py:109} INFO - [2022-09-29 10:59:32,224] {dag.py:2396} INFO - Sync 1 DAGs
[2022-09-29 10:59:32,282] {processor.py:171} INFO - Processing /opt/airflow/dags/data_ingestion_gcs_dag.py took 1.343 seconds
[2022-09-29 11:00:02,432] {processor.py:163} INFO - Started process (PID=512) to work on /opt/airflow/dags/data_ingestion_gcs_dag.py
[2022-09-29 11:00:02,433] {processor.py:642} INFO - Processing file /opt/airflow/dags/data_ingestion_gcs_dag.py for tasks to queue
[2022-09-29 11:00:02,434] {logging_mixin.py:109} INFO - [2022-09-29 11:00:02,434] {dagbag.py:500} INFO - Filling up the DagBag from /opt/airflow/dags/data_ingestion_gcs_dag.py
[2022-09-29 11:00:03,750] {processor.py:654} INFO - DAG(s) dict_keys(['data_ingestion_gcs_dag']) retrieved from /opt/airflow/dags/data_ingestion_gcs_dag.py
[2022-09-29 11:00:03,767] {logging_mixin.py:109} INFO - [2022-09-29 11:00:03,766] {dag.py:2396} INFO - Sync 1 DAGs
[2022-09-29 11:00:03,810] {processor.py:171} INFO - Processing /opt/airflow/dags/data_ingestion_gcs_dag.py took 1.382 seconds
[2022-09-29 11:00:33,930] {processor.py:163} INFO - Started process (PID=543) to work on /opt/airflow/dags/data_ingestion_gcs_dag.py
[2022-09-29 11:00:33,931] {processor.py:642} INFO - Processing file /opt/airflow/dags/data_ingestion_gcs_dag.py for tasks to queue
[2022-09-29 11:00:33,932] {logging_mixin.py:109} INFO - [2022-09-29 11:00:33,932] {dagbag.py:500} INFO - Filling up the DagBag from /opt/airflow/dags/data_ingestion_gcs_dag.py
[2022-09-29 11:00:35,078] {processor.py:654} INFO - DAG(s) dict_keys(['data_ingestion_gcs_dag']) retrieved from /opt/airflow/dags/data_ingestion_gcs_dag.py
[2022-09-29 11:00:35,093] {logging_mixin.py:109} INFO - [2022-09-29 11:00:35,093] {dag.py:2396} INFO - Sync 1 DAGs
[2022-09-29 11:00:35,135] {processor.py:171} INFO - Processing /opt/airflow/dags/data_ingestion_gcs_dag.py took 1.210 seconds
[2022-09-29 11:01:05,243] {processor.py:163} INFO - Started process (PID=575) to work on /opt/airflow/dags/data_ingestion_gcs_dag.py
[2022-09-29 11:01:05,244] {processor.py:642} INFO - Processing file /opt/airflow/dags/data_ingestion_gcs_dag.py for tasks to queue
[2022-09-29 11:01:05,245] {logging_mixin.py:109} INFO - [2022-09-29 11:01:05,245] {dagbag.py:500} INFO - Filling up the DagBag from /opt/airflow/dags/data_ingestion_gcs_dag.py
[2022-09-29 11:01:06,526] {processor.py:654} INFO - DAG(s) dict_keys(['data_ingestion_gcs_dag']) retrieved from /opt/airflow/dags/data_ingestion_gcs_dag.py
[2022-09-29 11:01:06,541] {logging_mixin.py:109} INFO - [2022-09-29 11:01:06,540] {dag.py:2396} INFO - Sync 1 DAGs
[2022-09-29 11:01:06,579] {processor.py:171} INFO - Processing /opt/airflow/dags/data_ingestion_gcs_dag.py took 1.340 seconds
[2022-09-29 11:01:36,699] {processor.py:163} INFO - Started process (PID=606) to work on /opt/airflow/dags/data_ingestion_gcs_dag.py
[2022-09-29 11:01:36,700] {processor.py:642} INFO - Processing file /opt/airflow/dags/data_ingestion_gcs_dag.py for tasks to queue
[2022-09-29 11:01:36,701] {logging_mixin.py:109} INFO - [2022-09-29 11:01:36,701] {dagbag.py:500} INFO - Filling up the DagBag from /opt/airflow/dags/data_ingestion_gcs_dag.py
[2022-09-29 11:01:37,897] {processor.py:654} INFO - DAG(s) dict_keys(['data_ingestion_gcs_dag']) retrieved from /opt/airflow/dags/data_ingestion_gcs_dag.py
[2022-09-29 11:01:37,912] {logging_mixin.py:109} INFO - [2022-09-29 11:01:37,912] {dag.py:2396} INFO - Sync 1 DAGs
[2022-09-29 11:01:37,954] {processor.py:171} INFO - Processing /opt/airflow/dags/data_ingestion_gcs_dag.py took 1.260 seconds
[2022-09-29 11:02:08,069] {processor.py:163} INFO - Started process (PID=645) to work on /opt/airflow/dags/data_ingestion_gcs_dag.py
[2022-09-29 11:02:08,070] {processor.py:642} INFO - Processing file /opt/airflow/dags/data_ingestion_gcs_dag.py for tasks to queue
[2022-09-29 11:02:08,071] {logging_mixin.py:109} INFO - [2022-09-29 11:02:08,071] {dagbag.py:500} INFO - Filling up the DagBag from /opt/airflow/dags/data_ingestion_gcs_dag.py
[2022-09-29 11:02:09,308] {processor.py:654} INFO - DAG(s) dict_keys(['data_ingestion_gcs_dag']) retrieved from /opt/airflow/dags/data_ingestion_gcs_dag.py
[2022-09-29 11:02:09,328] {logging_mixin.py:109} INFO - [2022-09-29 11:02:09,328] {dag.py:2396} INFO - Sync 1 DAGs
[2022-09-29 11:02:09,372] {processor.py:171} INFO - Processing /opt/airflow/dags/data_ingestion_gcs_dag.py took 1.307 seconds
[2022-09-29 11:02:39,489] {processor.py:163} INFO - Started process (PID=675) to work on /opt/airflow/dags/data_ingestion_gcs_dag.py
[2022-09-29 11:02:39,490] {processor.py:642} INFO - Processing file /opt/airflow/dags/data_ingestion_gcs_dag.py for tasks to queue
[2022-09-29 11:02:39,491] {logging_mixin.py:109} INFO - [2022-09-29 11:02:39,491] {dagbag.py:500} INFO - Filling up the DagBag from /opt/airflow/dags/data_ingestion_gcs_dag.py
[2022-09-29 11:02:40,762] {processor.py:654} INFO - DAG(s) dict_keys(['data_ingestion_gcs_dag']) retrieved from /opt/airflow/dags/data_ingestion_gcs_dag.py
[2022-09-29 11:02:40,777] {logging_mixin.py:109} INFO - [2022-09-29 11:02:40,777] {dag.py:2396} INFO - Sync 1 DAGs
[2022-09-29 11:02:40,819] {processor.py:171} INFO - Processing /opt/airflow/dags/data_ingestion_gcs_dag.py took 1.333 seconds
[2022-09-29 11:03:10,937] {processor.py:163} INFO - Started process (PID=707) to work on /opt/airflow/dags/data_ingestion_gcs_dag.py
[2022-09-29 11:03:10,939] {processor.py:642} INFO - Processing file /opt/airflow/dags/data_ingestion_gcs_dag.py for tasks to queue
[2022-09-29 11:03:10,940] {logging_mixin.py:109} INFO - [2022-09-29 11:03:10,940] {dagbag.py:500} INFO - Filling up the DagBag from /opt/airflow/dags/data_ingestion_gcs_dag.py
[2022-09-29 11:03:12,262] {processor.py:654} INFO - DAG(s) dict_keys(['data_ingestion_gcs_dag']) retrieved from /opt/airflow/dags/data_ingestion_gcs_dag.py
[2022-09-29 11:03:12,276] {logging_mixin.py:109} INFO - [2022-09-29 11:03:12,276] {dag.py:2396} INFO - Sync 1 DAGs
[2022-09-29 11:03:12,318] {processor.py:171} INFO - Processing /opt/airflow/dags/data_ingestion_gcs_dag.py took 1.385 seconds
[2022-09-29 11:03:42,444] {processor.py:163} INFO - Started process (PID=747) to work on /opt/airflow/dags/data_ingestion_gcs_dag.py
[2022-09-29 11:03:42,445] {processor.py:642} INFO - Processing file /opt/airflow/dags/data_ingestion_gcs_dag.py for tasks to queue
[2022-09-29 11:03:42,446] {logging_mixin.py:109} INFO - [2022-09-29 11:03:42,446] {dagbag.py:500} INFO - Filling up the DagBag from /opt/airflow/dags/data_ingestion_gcs_dag.py
[2022-09-29 11:03:43,686] {processor.py:654} INFO - DAG(s) dict_keys(['data_ingestion_gcs_dag']) retrieved from /opt/airflow/dags/data_ingestion_gcs_dag.py
[2022-09-29 11:03:43,700] {logging_mixin.py:109} INFO - [2022-09-29 11:03:43,699] {dag.py:2396} INFO - Sync 1 DAGs
[2022-09-29 11:03:43,738] {processor.py:171} INFO - Processing /opt/airflow/dags/data_ingestion_gcs_dag.py took 1.299 seconds
[2022-09-29 11:04:13,850] {processor.py:163} INFO - Started process (PID=778) to work on /opt/airflow/dags/data_ingestion_gcs_dag.py
[2022-09-29 11:04:13,852] {processor.py:642} INFO - Processing file /opt/airflow/dags/data_ingestion_gcs_dag.py for tasks to queue
[2022-09-29 11:04:13,853] {logging_mixin.py:109} INFO - [2022-09-29 11:04:13,853] {dagbag.py:500} INFO - Filling up the DagBag from /opt/airflow/dags/data_ingestion_gcs_dag.py
[2022-09-29 11:04:15,343] {processor.py:654} INFO - DAG(s) dict_keys(['data_ingestion_gcs_dag']) retrieved from /opt/airflow/dags/data_ingestion_gcs_dag.py
[2022-09-29 11:04:15,358] {logging_mixin.py:109} INFO - [2022-09-29 11:04:15,357] {dag.py:2396} INFO - Sync 1 DAGs
[2022-09-29 11:04:15,400] {processor.py:171} INFO - Processing /opt/airflow/dags/data_ingestion_gcs_dag.py took 1.553 seconds
[2022-09-29 11:04:45,642] {processor.py:163} INFO - Started process (PID=808) to work on /opt/airflow/dags/data_ingestion_gcs_dag.py
[2022-09-29 11:04:45,644] {processor.py:642} INFO - Processing file /opt/airflow/dags/data_ingestion_gcs_dag.py for tasks to queue
[2022-09-29 11:04:45,644] {logging_mixin.py:109} INFO - [2022-09-29 11:04:45,644] {dagbag.py:500} INFO - Filling up the DagBag from /opt/airflow/dags/data_ingestion_gcs_dag.py
[2022-09-29 11:04:46,811] {processor.py:654} INFO - DAG(s) dict_keys(['data_ingestion_gcs_dag']) retrieved from /opt/airflow/dags/data_ingestion_gcs_dag.py
[2022-09-29 11:04:46,822] {logging_mixin.py:109} INFO - [2022-09-29 11:04:46,822] {dag.py:2396} INFO - Sync 1 DAGs
[2022-09-29 11:04:46,851] {processor.py:171} INFO - Processing /opt/airflow/dags/data_ingestion_gcs_dag.py took 1.213 seconds
[2022-09-29 11:05:16,942] {processor.py:163} INFO - Started process (PID=848) to work on /opt/airflow/dags/data_ingestion_gcs_dag.py
[2022-09-29 11:05:16,943] {processor.py:642} INFO - Processing file /opt/airflow/dags/data_ingestion_gcs_dag.py for tasks to queue
[2022-09-29 11:05:16,944] {logging_mixin.py:109} INFO - [2022-09-29 11:05:16,943] {dagbag.py:500} INFO - Filling up the DagBag from /opt/airflow/dags/data_ingestion_gcs_dag.py
[2022-09-29 11:05:18,034] {processor.py:654} INFO - DAG(s) dict_keys(['data_ingestion_gcs_dag']) retrieved from /opt/airflow/dags/data_ingestion_gcs_dag.py
[2022-09-29 11:05:18,048] {logging_mixin.py:109} INFO - [2022-09-29 11:05:18,048] {dag.py:2396} INFO - Sync 1 DAGs
[2022-09-29 11:05:18,078] {processor.py:171} INFO - Processing /opt/airflow/dags/data_ingestion_gcs_dag.py took 1.140 seconds
[2022-09-29 11:05:48,170] {processor.py:163} INFO - Started process (PID=878) to work on /opt/airflow/dags/data_ingestion_gcs_dag.py
[2022-09-29 11:05:48,178] {processor.py:642} INFO - Processing file /opt/airflow/dags/data_ingestion_gcs_dag.py for tasks to queue
[2022-09-29 11:05:48,179] {logging_mixin.py:109} INFO - [2022-09-29 11:05:48,179] {dagbag.py:500} INFO - Filling up the DagBag from /opt/airflow/dags/data_ingestion_gcs_dag.py
[2022-09-29 11:05:49,013] {processor.py:654} INFO - DAG(s) dict_keys(['data_ingestion_gcs_dag']) retrieved from /opt/airflow/dags/data_ingestion_gcs_dag.py
[2022-09-29 11:05:49,027] {logging_mixin.py:109} INFO - [2022-09-29 11:05:49,027] {dag.py:2396} INFO - Sync 1 DAGs
[2022-09-29 11:05:49,059] {processor.py:171} INFO - Processing /opt/airflow/dags/data_ingestion_gcs_dag.py took 0.893 seconds
[2022-09-29 11:06:21,326] {processor.py:163} INFO - Started process (PID=918) to work on /opt/airflow/dags/data_ingestion_gcs_dag.py
[2022-09-29 11:06:21,328] {processor.py:642} INFO - Processing file /opt/airflow/dags/data_ingestion_gcs_dag.py for tasks to queue
[2022-09-29 11:06:21,329] {logging_mixin.py:109} INFO - [2022-09-29 11:06:21,329] {dagbag.py:500} INFO - Filling up the DagBag from /opt/airflow/dags/data_ingestion_gcs_dag.py
[2022-09-29 11:06:22,796] {processor.py:654} INFO - DAG(s) dict_keys(['data_ingestion_gcs_dag']) retrieved from /opt/airflow/dags/data_ingestion_gcs_dag.py
[2022-09-29 11:06:22,807] {logging_mixin.py:109} INFO - [2022-09-29 11:06:22,807] {dag.py:2396} INFO - Sync 1 DAGs
[2022-09-29 11:06:22,839] {processor.py:171} INFO - Processing /opt/airflow/dags/data_ingestion_gcs_dag.py took 1.516 seconds
[2022-09-29 11:06:53,275] {processor.py:163} INFO - Started process (PID=950) to work on /opt/airflow/dags/data_ingestion_gcs_dag.py
[2022-09-29 11:06:53,276] {processor.py:642} INFO - Processing file /opt/airflow/dags/data_ingestion_gcs_dag.py for tasks to queue
[2022-09-29 11:06:53,277] {logging_mixin.py:109} INFO - [2022-09-29 11:06:53,277] {dagbag.py:500} INFO - Filling up the DagBag from /opt/airflow/dags/data_ingestion_gcs_dag.py
[2022-09-29 11:06:54,779] {processor.py:654} INFO - DAG(s) dict_keys(['data_ingestion_gcs_dag']) retrieved from /opt/airflow/dags/data_ingestion_gcs_dag.py
[2022-09-29 11:06:54,798] {logging_mixin.py:109} INFO - [2022-09-29 11:06:54,798] {dag.py:2396} INFO - Sync 1 DAGs
[2022-09-29 11:06:54,832] {processor.py:171} INFO - Processing /opt/airflow/dags/data_ingestion_gcs_dag.py took 1.562 seconds
[2022-09-29 11:08:50,200] {processor.py:163} INFO - Started process (PID=981) to work on /opt/airflow/dags/data_ingestion_gcs_dag.py
[2022-09-29 11:08:50,203] {processor.py:642} INFO - Processing file /opt/airflow/dags/data_ingestion_gcs_dag.py for tasks to queue
[2022-09-29 11:08:50,207] {logging_mixin.py:109} INFO - [2022-09-29 11:08:50,206] {dagbag.py:500} INFO - Filling up the DagBag from /opt/airflow/dags/data_ingestion_gcs_dag.py
[2022-09-29 11:08:54,412] {processor.py:654} INFO - DAG(s) dict_keys(['data_ingestion_gcs_dag']) retrieved from /opt/airflow/dags/data_ingestion_gcs_dag.py
[2022-09-29 11:08:54,429] {logging_mixin.py:109} INFO - [2022-09-29 11:08:54,428] {dag.py:2396} INFO - Sync 1 DAGs
[2022-09-29 11:08:54,465] {processor.py:171} INFO - Processing /opt/airflow/dags/data_ingestion_gcs_dag.py took 4.278 seconds
[2022-09-29 11:09:24,599] {processor.py:163} INFO - Started process (PID=1011) to work on /opt/airflow/dags/data_ingestion_gcs_dag.py
[2022-09-29 11:09:24,601] {processor.py:642} INFO - Processing file /opt/airflow/dags/data_ingestion_gcs_dag.py for tasks to queue
[2022-09-29 11:09:24,601] {logging_mixin.py:109} INFO - [2022-09-29 11:09:24,601] {dagbag.py:500} INFO - Filling up the DagBag from /opt/airflow/dags/data_ingestion_gcs_dag.py
[2022-09-29 11:09:25,607] {processor.py:654} INFO - DAG(s) dict_keys(['data_ingestion_gcs_dag']) retrieved from /opt/airflow/dags/data_ingestion_gcs_dag.py
[2022-09-29 11:09:25,617] {logging_mixin.py:109} INFO - [2022-09-29 11:09:25,616] {dag.py:2396} INFO - Sync 1 DAGs
[2022-09-29 11:09:25,642] {processor.py:171} INFO - Processing /opt/airflow/dags/data_ingestion_gcs_dag.py took 1.047 seconds
[2022-09-29 11:09:55,733] {processor.py:163} INFO - Started process (PID=1051) to work on /opt/airflow/dags/data_ingestion_gcs_dag.py
[2022-09-29 11:09:55,740] {processor.py:642} INFO - Processing file /opt/airflow/dags/data_ingestion_gcs_dag.py for tasks to queue
[2022-09-29 11:09:55,741] {logging_mixin.py:109} INFO - [2022-09-29 11:09:55,741] {dagbag.py:500} INFO - Filling up the DagBag from /opt/airflow/dags/data_ingestion_gcs_dag.py
[2022-09-29 11:09:56,487] {processor.py:654} INFO - DAG(s) dict_keys(['data_ingestion_gcs_dag']) retrieved from /opt/airflow/dags/data_ingestion_gcs_dag.py
[2022-09-29 11:09:56,497] {logging_mixin.py:109} INFO - [2022-09-29 11:09:56,497] {dag.py:2396} INFO - Sync 1 DAGs
[2022-09-29 11:09:56,529] {processor.py:171} INFO - Processing /opt/airflow/dags/data_ingestion_gcs_dag.py took 0.799 seconds
[2022-09-29 11:10:26,626] {processor.py:163} INFO - Started process (PID=1081) to work on /opt/airflow/dags/data_ingestion_gcs_dag.py
[2022-09-29 11:10:26,634] {processor.py:642} INFO - Processing file /opt/airflow/dags/data_ingestion_gcs_dag.py for tasks to queue
[2022-09-29 11:10:26,635] {logging_mixin.py:109} INFO - [2022-09-29 11:10:26,635] {dagbag.py:500} INFO - Filling up the DagBag from /opt/airflow/dags/data_ingestion_gcs_dag.py
[2022-09-29 11:10:27,436] {processor.py:654} INFO - DAG(s) dict_keys(['data_ingestion_gcs_dag']) retrieved from /opt/airflow/dags/data_ingestion_gcs_dag.py
[2022-09-29 11:10:27,448] {logging_mixin.py:109} INFO - [2022-09-29 11:10:27,447] {dag.py:2396} INFO - Sync 1 DAGs
[2022-09-29 11:10:27,487] {processor.py:171} INFO - Processing /opt/airflow/dags/data_ingestion_gcs_dag.py took 0.863 seconds
[2022-09-29 11:10:57,587] {processor.py:163} INFO - Started process (PID=1121) to work on /opt/airflow/dags/data_ingestion_gcs_dag.py
[2022-09-29 11:10:57,588] {processor.py:642} INFO - Processing file /opt/airflow/dags/data_ingestion_gcs_dag.py for tasks to queue
[2022-09-29 11:10:57,589] {logging_mixin.py:109} INFO - [2022-09-29 11:10:57,589] {dagbag.py:500} INFO - Filling up the DagBag from /opt/airflow/dags/data_ingestion_gcs_dag.py
[2022-09-29 11:10:59,041] {processor.py:654} INFO - DAG(s) dict_keys(['data_ingestion_gcs_dag']) retrieved from /opt/airflow/dags/data_ingestion_gcs_dag.py
[2022-09-29 11:10:59,054] {logging_mixin.py:109} INFO - [2022-09-29 11:10:59,054] {dag.py:2396} INFO - Sync 1 DAGs
[2022-09-29 11:10:59,091] {processor.py:171} INFO - Processing /opt/airflow/dags/data_ingestion_gcs_dag.py took 1.508 seconds
[2022-09-29 11:11:50,845] {processor.py:163} INFO - Started process (PID=1143) to work on /opt/airflow/dags/data_ingestion_gcs_dag.py
[2022-09-29 11:11:50,848] {processor.py:642} INFO - Processing file /opt/airflow/dags/data_ingestion_gcs_dag.py for tasks to queue
[2022-09-29 11:11:50,850] {logging_mixin.py:109} INFO - [2022-09-29 11:11:50,850] {dagbag.py:500} INFO - Filling up the DagBag from /opt/airflow/dags/data_ingestion_gcs_dag.py
[2022-09-29 11:11:52,723] {processor.py:654} INFO - DAG(s) dict_keys(['data_ingestion_gcs_dag']) retrieved from /opt/airflow/dags/data_ingestion_gcs_dag.py
[2022-09-29 11:11:52,738] {logging_mixin.py:109} INFO - [2022-09-29 11:11:52,738] {dag.py:2396} INFO - Sync 1 DAGs
[2022-09-29 11:11:52,777] {processor.py:171} INFO - Processing /opt/airflow/dags/data_ingestion_gcs_dag.py took 1.937 seconds
[2022-09-29 11:12:22,935] {processor.py:163} INFO - Started process (PID=1174) to work on /opt/airflow/dags/data_ingestion_gcs_dag.py
[2022-09-29 11:12:22,938] {processor.py:642} INFO - Processing file /opt/airflow/dags/data_ingestion_gcs_dag.py for tasks to queue
[2022-09-29 11:12:22,939] {logging_mixin.py:109} INFO - [2022-09-29 11:12:22,939] {dagbag.py:500} INFO - Filling up the DagBag from /opt/airflow/dags/data_ingestion_gcs_dag.py
[2022-09-29 11:12:23,810] {processor.py:654} INFO - DAG(s) dict_keys(['data_ingestion_gcs_dag']) retrieved from /opt/airflow/dags/data_ingestion_gcs_dag.py
[2022-09-29 11:12:23,823] {logging_mixin.py:109} INFO - [2022-09-29 11:12:23,823] {dag.py:2396} INFO - Sync 1 DAGs
[2022-09-29 11:12:23,874] {processor.py:171} INFO - Processing /opt/airflow/dags/data_ingestion_gcs_dag.py took 0.944 seconds
[2022-09-29 11:12:54,028] {processor.py:163} INFO - Started process (PID=1213) to work on /opt/airflow/dags/data_ingestion_gcs_dag.py
[2022-09-29 11:12:54,029] {processor.py:642} INFO - Processing file /opt/airflow/dags/data_ingestion_gcs_dag.py for tasks to queue
[2022-09-29 11:12:54,030] {logging_mixin.py:109} INFO - [2022-09-29 11:12:54,030] {dagbag.py:500} INFO - Filling up the DagBag from /opt/airflow/dags/data_ingestion_gcs_dag.py
[2022-09-29 11:12:54,794] {processor.py:654} INFO - DAG(s) dict_keys(['data_ingestion_gcs_dag']) retrieved from /opt/airflow/dags/data_ingestion_gcs_dag.py
[2022-09-29 11:12:54,803] {logging_mixin.py:109} INFO - [2022-09-29 11:12:54,803] {dag.py:2396} INFO - Sync 1 DAGs
[2022-09-29 11:12:54,837] {processor.py:171} INFO - Processing /opt/airflow/dags/data_ingestion_gcs_dag.py took 0.812 seconds
[2022-09-29 11:13:24,936] {processor.py:163} INFO - Started process (PID=1244) to work on /opt/airflow/dags/data_ingestion_gcs_dag.py
[2022-09-29 11:13:24,937] {processor.py:642} INFO - Processing file /opt/airflow/dags/data_ingestion_gcs_dag.py for tasks to queue
[2022-09-29 11:13:24,938] {logging_mixin.py:109} INFO - [2022-09-29 11:13:24,938] {dagbag.py:500} INFO - Filling up the DagBag from /opt/airflow/dags/data_ingestion_gcs_dag.py
[2022-09-29 11:13:25,606] {processor.py:654} INFO - DAG(s) dict_keys(['data_ingestion_gcs_dag']) retrieved from /opt/airflow/dags/data_ingestion_gcs_dag.py
[2022-09-29 11:13:25,617] {logging_mixin.py:109} INFO - [2022-09-29 11:13:25,617] {dag.py:2396} INFO - Sync 1 DAGs
[2022-09-29 11:13:25,646] {processor.py:171} INFO - Processing /opt/airflow/dags/data_ingestion_gcs_dag.py took 0.712 seconds
[2022-09-29 11:13:55,739] {processor.py:163} INFO - Started process (PID=1284) to work on /opt/airflow/dags/data_ingestion_gcs_dag.py
[2022-09-29 11:13:55,747] {processor.py:642} INFO - Processing file /opt/airflow/dags/data_ingestion_gcs_dag.py for tasks to queue
[2022-09-29 11:13:55,748] {logging_mixin.py:109} INFO - [2022-09-29 11:13:55,748] {dagbag.py:500} INFO - Filling up the DagBag from /opt/airflow/dags/data_ingestion_gcs_dag.py
[2022-09-29 11:13:56,685] {processor.py:654} INFO - DAG(s) dict_keys(['data_ingestion_gcs_dag']) retrieved from /opt/airflow/dags/data_ingestion_gcs_dag.py
[2022-09-29 11:13:56,702] {logging_mixin.py:109} INFO - [2022-09-29 11:13:56,702] {dag.py:2396} INFO - Sync 1 DAGs
[2022-09-29 11:13:56,744] {processor.py:171} INFO - Processing /opt/airflow/dags/data_ingestion_gcs_dag.py took 1.008 seconds
[2022-09-29 11:14:26,869] {processor.py:163} INFO - Started process (PID=1315) to work on /opt/airflow/dags/data_ingestion_gcs_dag.py
[2022-09-29 11:14:26,877] {processor.py:642} INFO - Processing file /opt/airflow/dags/data_ingestion_gcs_dag.py for tasks to queue
[2022-09-29 11:14:26,878] {logging_mixin.py:109} INFO - [2022-09-29 11:14:26,878] {dagbag.py:500} INFO - Filling up the DagBag from /opt/airflow/dags/data_ingestion_gcs_dag.py
[2022-09-29 11:14:27,777] {processor.py:654} INFO - DAG(s) dict_keys(['data_ingestion_gcs_dag']) retrieved from /opt/airflow/dags/data_ingestion_gcs_dag.py
[2022-09-29 11:14:27,787] {logging_mixin.py:109} INFO - [2022-09-29 11:14:27,786] {dag.py:2396} INFO - Sync 1 DAGs
[2022-09-29 11:14:27,823] {processor.py:171} INFO - Processing /opt/airflow/dags/data_ingestion_gcs_dag.py took 0.958 seconds
[2022-09-29 11:14:57,986] {processor.py:163} INFO - Started process (PID=1355) to work on /opt/airflow/dags/data_ingestion_gcs_dag.py
[2022-09-29 11:14:57,993] {processor.py:642} INFO - Processing file /opt/airflow/dags/data_ingestion_gcs_dag.py for tasks to queue
[2022-09-29 11:14:57,994] {logging_mixin.py:109} INFO - [2022-09-29 11:14:57,994] {dagbag.py:500} INFO - Filling up the DagBag from /opt/airflow/dags/data_ingestion_gcs_dag.py
[2022-09-29 11:14:58,988] {processor.py:654} INFO - DAG(s) dict_keys(['data_ingestion_gcs_dag']) retrieved from /opt/airflow/dags/data_ingestion_gcs_dag.py
[2022-09-29 11:14:58,999] {logging_mixin.py:109} INFO - [2022-09-29 11:14:58,999] {dag.py:2396} INFO - Sync 1 DAGs
[2022-09-29 11:14:59,037] {processor.py:171} INFO - Processing /opt/airflow/dags/data_ingestion_gcs_dag.py took 1.055 seconds
[2022-09-29 11:15:29,118] {processor.py:163} INFO - Started process (PID=1386) to work on /opt/airflow/dags/data_ingestion_gcs_dag.py
[2022-09-29 11:15:29,126] {processor.py:642} INFO - Processing file /opt/airflow/dags/data_ingestion_gcs_dag.py for tasks to queue
[2022-09-29 11:15:29,127] {logging_mixin.py:109} INFO - [2022-09-29 11:15:29,127] {dagbag.py:500} INFO - Filling up the DagBag from /opt/airflow/dags/data_ingestion_gcs_dag.py
[2022-09-29 11:15:29,988] {processor.py:654} INFO - DAG(s) dict_keys(['data_ingestion_gcs_dag']) retrieved from /opt/airflow/dags/data_ingestion_gcs_dag.py
[2022-09-29 11:15:30,006] {logging_mixin.py:109} INFO - [2022-09-29 11:15:30,005] {dag.py:2396} INFO - Sync 1 DAGs
[2022-09-29 11:15:30,049] {processor.py:171} INFO - Processing /opt/airflow/dags/data_ingestion_gcs_dag.py took 0.935 seconds
[2022-09-29 11:16:00,161] {processor.py:163} INFO - Started process (PID=1418) to work on /opt/airflow/dags/data_ingestion_gcs_dag.py
[2022-09-29 11:16:00,170] {processor.py:642} INFO - Processing file /opt/airflow/dags/data_ingestion_gcs_dag.py for tasks to queue
[2022-09-29 11:16:00,171] {logging_mixin.py:109} INFO - [2022-09-29 11:16:00,170] {dagbag.py:500} INFO - Filling up the DagBag from /opt/airflow/dags/data_ingestion_gcs_dag.py
[2022-09-29 11:16:01,022] {processor.py:654} INFO - DAG(s) dict_keys(['data_ingestion_gcs_dag']) retrieved from /opt/airflow/dags/data_ingestion_gcs_dag.py
[2022-09-29 11:16:01,035] {logging_mixin.py:109} INFO - [2022-09-29 11:16:01,035] {dag.py:2396} INFO - Sync 1 DAGs
[2022-09-29 11:16:01,079] {processor.py:171} INFO - Processing /opt/airflow/dags/data_ingestion_gcs_dag.py took 0.922 seconds
[2022-09-29 11:16:31,188] {processor.py:163} INFO - Started process (PID=1457) to work on /opt/airflow/dags/data_ingestion_gcs_dag.py
[2022-09-29 11:16:31,196] {processor.py:642} INFO - Processing file /opt/airflow/dags/data_ingestion_gcs_dag.py for tasks to queue
[2022-09-29 11:16:31,197] {logging_mixin.py:109} INFO - [2022-09-29 11:16:31,196] {dagbag.py:500} INFO - Filling up the DagBag from /opt/airflow/dags/data_ingestion_gcs_dag.py
[2022-09-29 11:16:32,142] {processor.py:654} INFO - DAG(s) dict_keys(['data_ingestion_gcs_dag']) retrieved from /opt/airflow/dags/data_ingestion_gcs_dag.py
[2022-09-29 11:16:32,156] {logging_mixin.py:109} INFO - [2022-09-29 11:16:32,156] {dag.py:2396} INFO - Sync 1 DAGs
[2022-09-29 11:16:32,198] {processor.py:171} INFO - Processing /opt/airflow/dags/data_ingestion_gcs_dag.py took 1.015 seconds
[2022-09-29 11:17:02,310] {processor.py:163} INFO - Started process (PID=1489) to work on /opt/airflow/dags/data_ingestion_gcs_dag.py
[2022-09-29 11:17:02,318] {processor.py:642} INFO - Processing file /opt/airflow/dags/data_ingestion_gcs_dag.py for tasks to queue
[2022-09-29 11:17:02,318] {logging_mixin.py:109} INFO - [2022-09-29 11:17:02,318] {dagbag.py:500} INFO - Filling up the DagBag from /opt/airflow/dags/data_ingestion_gcs_dag.py
[2022-09-29 11:17:03,189] {processor.py:654} INFO - DAG(s) dict_keys(['data_ingestion_gcs_dag']) retrieved from /opt/airflow/dags/data_ingestion_gcs_dag.py
[2022-09-29 11:17:03,201] {logging_mixin.py:109} INFO - [2022-09-29 11:17:03,201] {dag.py:2396} INFO - Sync 1 DAGs
[2022-09-29 11:17:03,239] {processor.py:171} INFO - Processing /opt/airflow/dags/data_ingestion_gcs_dag.py took 0.933 seconds
[2022-09-29 11:17:33,345] {processor.py:163} INFO - Started process (PID=1529) to work on /opt/airflow/dags/data_ingestion_gcs_dag.py
[2022-09-29 11:17:33,352] {processor.py:642} INFO - Processing file /opt/airflow/dags/data_ingestion_gcs_dag.py for tasks to queue
[2022-09-29 11:17:33,353] {logging_mixin.py:109} INFO - [2022-09-29 11:17:33,353] {dagbag.py:500} INFO - Filling up the DagBag from /opt/airflow/dags/data_ingestion_gcs_dag.py
[2022-09-29 11:17:34,023] {processor.py:654} INFO - DAG(s) dict_keys(['data_ingestion_gcs_dag']) retrieved from /opt/airflow/dags/data_ingestion_gcs_dag.py
[2022-09-29 11:17:34,036] {logging_mixin.py:109} INFO - [2022-09-29 11:17:34,035] {dag.py:2396} INFO - Sync 1 DAGs
[2022-09-29 11:17:34,067] {processor.py:171} INFO - Processing /opt/airflow/dags/data_ingestion_gcs_dag.py took 0.726 seconds
[2022-09-29 11:18:04,164] {processor.py:163} INFO - Started process (PID=1560) to work on /opt/airflow/dags/data_ingestion_gcs_dag.py
[2022-09-29 11:18:04,173] {processor.py:642} INFO - Processing file /opt/airflow/dags/data_ingestion_gcs_dag.py for tasks to queue
[2022-09-29 11:18:04,174] {logging_mixin.py:109} INFO - [2022-09-29 11:18:04,173] {dagbag.py:500} INFO - Filling up the DagBag from /opt/airflow/dags/data_ingestion_gcs_dag.py
[2022-09-29 11:18:04,958] {processor.py:654} INFO - DAG(s) dict_keys(['data_ingestion_gcs_dag']) retrieved from /opt/airflow/dags/data_ingestion_gcs_dag.py
[2022-09-29 11:18:04,969] {logging_mixin.py:109} INFO - [2022-09-29 11:18:04,969] {dag.py:2396} INFO - Sync 1 DAGs
[2022-09-29 11:18:05,006] {processor.py:171} INFO - Processing /opt/airflow/dags/data_ingestion_gcs_dag.py took 0.845 seconds
[2022-09-29 11:18:35,106] {processor.py:163} INFO - Started process (PID=1601) to work on /opt/airflow/dags/data_ingestion_gcs_dag.py
[2022-09-29 11:18:35,114] {processor.py:642} INFO - Processing file /opt/airflow/dags/data_ingestion_gcs_dag.py for tasks to queue
[2022-09-29 11:18:35,114] {logging_mixin.py:109} INFO - [2022-09-29 11:18:35,114] {dagbag.py:500} INFO - Filling up the DagBag from /opt/airflow/dags/data_ingestion_gcs_dag.py
[2022-09-29 11:18:36,064] {processor.py:654} INFO - DAG(s) dict_keys(['data_ingestion_gcs_dag']) retrieved from /opt/airflow/dags/data_ingestion_gcs_dag.py
[2022-09-29 11:18:36,077] {logging_mixin.py:109} INFO - [2022-09-29 11:18:36,076] {dag.py:2396} INFO - Sync 1 DAGs
[2022-09-29 11:18:36,115] {processor.py:171} INFO - Processing /opt/airflow/dags/data_ingestion_gcs_dag.py took 1.014 seconds
[2022-09-29 11:19:06,223] {processor.py:163} INFO - Started process (PID=1632) to work on /opt/airflow/dags/data_ingestion_gcs_dag.py
[2022-09-29 11:19:06,231] {processor.py:642} INFO - Processing file /opt/airflow/dags/data_ingestion_gcs_dag.py for tasks to queue
[2022-09-29 11:19:06,232] {logging_mixin.py:109} INFO - [2022-09-29 11:19:06,232] {dagbag.py:500} INFO - Filling up the DagBag from /opt/airflow/dags/data_ingestion_gcs_dag.py
[2022-09-29 11:19:07,124] {processor.py:654} INFO - DAG(s) dict_keys(['data_ingestion_gcs_dag']) retrieved from /opt/airflow/dags/data_ingestion_gcs_dag.py
[2022-09-29 11:19:07,138] {logging_mixin.py:109} INFO - [2022-09-29 11:19:07,137] {dag.py:2396} INFO - Sync 1 DAGs
[2022-09-29 11:19:07,175] {processor.py:171} INFO - Processing /opt/airflow/dags/data_ingestion_gcs_dag.py took 0.954 seconds
[2022-09-29 11:19:37,332] {processor.py:163} INFO - Started process (PID=1670) to work on /opt/airflow/dags/data_ingestion_gcs_dag.py
[2022-09-29 11:19:37,340] {processor.py:642} INFO - Processing file /opt/airflow/dags/data_ingestion_gcs_dag.py for tasks to queue
[2022-09-29 11:19:37,341] {logging_mixin.py:109} INFO - [2022-09-29 11:19:37,341] {dagbag.py:500} INFO - Filling up the DagBag from /opt/airflow/dags/data_ingestion_gcs_dag.py
[2022-09-29 11:19:38,214] {processor.py:654} INFO - DAG(s) dict_keys(['data_ingestion_gcs_dag']) retrieved from /opt/airflow/dags/data_ingestion_gcs_dag.py
[2022-09-29 11:19:38,225] {logging_mixin.py:109} INFO - [2022-09-29 11:19:38,225] {dag.py:2396} INFO - Sync 1 DAGs
[2022-09-29 11:19:38,262] {processor.py:171} INFO - Processing /opt/airflow/dags/data_ingestion_gcs_dag.py took 0.932 seconds
[2022-09-29 11:20:08,397] {processor.py:163} INFO - Started process (PID=1701) to work on /opt/airflow/dags/data_ingestion_gcs_dag.py
[2022-09-29 11:20:08,405] {processor.py:642} INFO - Processing file /opt/airflow/dags/data_ingestion_gcs_dag.py for tasks to queue
[2022-09-29 11:20:08,406] {logging_mixin.py:109} INFO - [2022-09-29 11:20:08,406] {dagbag.py:500} INFO - Filling up the DagBag from /opt/airflow/dags/data_ingestion_gcs_dag.py
[2022-09-29 11:20:09,240] {processor.py:654} INFO - DAG(s) dict_keys(['data_ingestion_gcs_dag']) retrieved from /opt/airflow/dags/data_ingestion_gcs_dag.py
[2022-09-29 11:20:09,253] {logging_mixin.py:109} INFO - [2022-09-29 11:20:09,252] {dag.py:2396} INFO - Sync 1 DAGs
[2022-09-29 11:20:09,285] {processor.py:171} INFO - Processing /opt/airflow/dags/data_ingestion_gcs_dag.py took 0.892 seconds
[2022-09-29 11:20:39,396] {processor.py:163} INFO - Started process (PID=1733) to work on /opt/airflow/dags/data_ingestion_gcs_dag.py
[2022-09-29 11:20:39,397] {processor.py:642} INFO - Processing file /opt/airflow/dags/data_ingestion_gcs_dag.py for tasks to queue
[2022-09-29 11:20:39,398] {logging_mixin.py:109} INFO - [2022-09-29 11:20:39,398] {dagbag.py:500} INFO - Filling up the DagBag from /opt/airflow/dags/data_ingestion_gcs_dag.py
[2022-09-29 11:20:40,357] {processor.py:654} INFO - DAG(s) dict_keys(['data_ingestion_gcs_dag']) retrieved from /opt/airflow/dags/data_ingestion_gcs_dag.py
[2022-09-29 11:20:40,370] {logging_mixin.py:109} INFO - [2022-09-29 11:20:40,369] {dag.py:2396} INFO - Sync 1 DAGs
[2022-09-29 11:20:40,418] {processor.py:171} INFO - Processing /opt/airflow/dags/data_ingestion_gcs_dag.py took 1.025 seconds
[2022-09-29 11:21:10,531] {processor.py:163} INFO - Started process (PID=1773) to work on /opt/airflow/dags/data_ingestion_gcs_dag.py
[2022-09-29 11:21:10,532] {processor.py:642} INFO - Processing file /opt/airflow/dags/data_ingestion_gcs_dag.py for tasks to queue
[2022-09-29 11:21:10,533] {logging_mixin.py:109} INFO - [2022-09-29 11:21:10,532] {dagbag.py:500} INFO - Filling up the DagBag from /opt/airflow/dags/data_ingestion_gcs_dag.py
[2022-09-29 11:21:11,341] {processor.py:654} INFO - DAG(s) dict_keys(['data_ingestion_gcs_dag']) retrieved from /opt/airflow/dags/data_ingestion_gcs_dag.py
[2022-09-29 11:21:11,356] {logging_mixin.py:109} INFO - [2022-09-29 11:21:11,356] {dag.py:2396} INFO - Sync 1 DAGs
[2022-09-29 11:21:11,396] {processor.py:171} INFO - Processing /opt/airflow/dags/data_ingestion_gcs_dag.py took 0.868 seconds
[2022-09-29 11:21:41,498] {processor.py:163} INFO - Started process (PID=1805) to work on /opt/airflow/dags/data_ingestion_gcs_dag.py
[2022-09-29 11:21:41,506] {processor.py:642} INFO - Processing file /opt/airflow/dags/data_ingestion_gcs_dag.py for tasks to queue
[2022-09-29 11:21:41,506] {logging_mixin.py:109} INFO - [2022-09-29 11:21:41,506] {dagbag.py:500} INFO - Filling up the DagBag from /opt/airflow/dags/data_ingestion_gcs_dag.py
[2022-09-29 11:21:42,289] {processor.py:654} INFO - DAG(s) dict_keys(['data_ingestion_gcs_dag']) retrieved from /opt/airflow/dags/data_ingestion_gcs_dag.py
[2022-09-29 11:21:42,303] {logging_mixin.py:109} INFO - [2022-09-29 11:21:42,303] {dag.py:2396} INFO - Sync 1 DAGs
[2022-09-29 11:21:42,342] {processor.py:171} INFO - Processing /opt/airflow/dags/data_ingestion_gcs_dag.py took 0.849 seconds
[2022-09-29 11:22:12,444] {processor.py:163} INFO - Started process (PID=1844) to work on /opt/airflow/dags/data_ingestion_gcs_dag.py
[2022-09-29 11:22:12,454] {processor.py:642} INFO - Processing file /opt/airflow/dags/data_ingestion_gcs_dag.py for tasks to queue
[2022-09-29 11:22:12,455] {logging_mixin.py:109} INFO - [2022-09-29 11:22:12,455] {dagbag.py:500} INFO - Filling up the DagBag from /opt/airflow/dags/data_ingestion_gcs_dag.py
[2022-09-29 11:22:13,316] {processor.py:654} INFO - DAG(s) dict_keys(['data_ingestion_gcs_dag']) retrieved from /opt/airflow/dags/data_ingestion_gcs_dag.py
[2022-09-29 11:22:13,329] {logging_mixin.py:109} INFO - [2022-09-29 11:22:13,329] {dag.py:2396} INFO - Sync 1 DAGs
[2022-09-29 11:22:13,370] {processor.py:171} INFO - Processing /opt/airflow/dags/data_ingestion_gcs_dag.py took 0.930 seconds
[2022-09-29 11:22:43,476] {processor.py:163} INFO - Started process (PID=1875) to work on /opt/airflow/dags/data_ingestion_gcs_dag.py
[2022-09-29 11:22:43,484] {processor.py:642} INFO - Processing file /opt/airflow/dags/data_ingestion_gcs_dag.py for tasks to queue
[2022-09-29 11:22:43,484] {logging_mixin.py:109} INFO - [2022-09-29 11:22:43,484] {dagbag.py:500} INFO - Filling up the DagBag from /opt/airflow/dags/data_ingestion_gcs_dag.py
[2022-09-29 11:22:44,280] {processor.py:654} INFO - DAG(s) dict_keys(['data_ingestion_gcs_dag']) retrieved from /opt/airflow/dags/data_ingestion_gcs_dag.py
[2022-09-29 11:22:44,292] {logging_mixin.py:109} INFO - [2022-09-29 11:22:44,291] {dag.py:2396} INFO - Sync 1 DAGs
[2022-09-29 11:22:44,329] {processor.py:171} INFO - Processing /opt/airflow/dags/data_ingestion_gcs_dag.py took 0.859 seconds
[2022-09-29 11:23:14,430] {processor.py:163} INFO - Started process (PID=1913) to work on /opt/airflow/dags/data_ingestion_gcs_dag.py
[2022-09-29 11:23:14,430] {processor.py:642} INFO - Processing file /opt/airflow/dags/data_ingestion_gcs_dag.py for tasks to queue
[2022-09-29 11:23:14,431] {logging_mixin.py:109} INFO - [2022-09-29 11:23:14,431] {dagbag.py:500} INFO - Filling up the DagBag from /opt/airflow/dags/data_ingestion_gcs_dag.py
[2022-09-29 11:23:15,233] {processor.py:654} INFO - DAG(s) dict_keys(['data_ingestion_gcs_dag']) retrieved from /opt/airflow/dags/data_ingestion_gcs_dag.py
[2022-09-29 11:23:15,247] {logging_mixin.py:109} INFO - [2022-09-29 11:23:15,247] {dag.py:2396} INFO - Sync 1 DAGs
[2022-09-29 11:23:15,279] {processor.py:171} INFO - Processing /opt/airflow/dags/data_ingestion_gcs_dag.py took 0.853 seconds
[2022-09-29 11:23:45,372] {processor.py:163} INFO - Started process (PID=1944) to work on /opt/airflow/dags/data_ingestion_gcs_dag.py
[2022-09-29 11:23:45,379] {processor.py:642} INFO - Processing file /opt/airflow/dags/data_ingestion_gcs_dag.py for tasks to queue
[2022-09-29 11:23:45,380] {logging_mixin.py:109} INFO - [2022-09-29 11:23:45,380] {dagbag.py:500} INFO - Filling up the DagBag from /opt/airflow/dags/data_ingestion_gcs_dag.py
[2022-09-29 11:23:46,254] {processor.py:654} INFO - DAG(s) dict_keys(['data_ingestion_gcs_dag']) retrieved from /opt/airflow/dags/data_ingestion_gcs_dag.py
[2022-09-29 11:23:46,263] {logging_mixin.py:109} INFO - [2022-09-29 11:23:46,263] {dag.py:2396} INFO - Sync 1 DAGs
[2022-09-29 11:23:46,293] {processor.py:171} INFO - Processing /opt/airflow/dags/data_ingestion_gcs_dag.py took 0.924 seconds
[2022-09-29 11:24:16,389] {processor.py:163} INFO - Started process (PID=1984) to work on /opt/airflow/dags/data_ingestion_gcs_dag.py
[2022-09-29 11:24:16,391] {processor.py:642} INFO - Processing file /opt/airflow/dags/data_ingestion_gcs_dag.py for tasks to queue
[2022-09-29 11:24:16,392] {logging_mixin.py:109} INFO - [2022-09-29 11:24:16,392] {dagbag.py:500} INFO - Filling up the DagBag from /opt/airflow/dags/data_ingestion_gcs_dag.py
[2022-09-29 11:24:17,377] {processor.py:654} INFO - DAG(s) dict_keys(['data_ingestion_gcs_dag']) retrieved from /opt/airflow/dags/data_ingestion_gcs_dag.py
[2022-09-29 11:24:17,391] {logging_mixin.py:109} INFO - [2022-09-29 11:24:17,391] {dag.py:2396} INFO - Sync 1 DAGs
[2022-09-29 11:24:17,430] {processor.py:171} INFO - Processing /opt/airflow/dags/data_ingestion_gcs_dag.py took 1.046 seconds
[2022-09-29 11:24:47,515] {processor.py:163} INFO - Started process (PID=2015) to work on /opt/airflow/dags/data_ingestion_gcs_dag.py
[2022-09-29 11:24:47,522] {processor.py:642} INFO - Processing file /opt/airflow/dags/data_ingestion_gcs_dag.py for tasks to queue
[2022-09-29 11:24:47,523] {logging_mixin.py:109} INFO - [2022-09-29 11:24:47,523] {dagbag.py:500} INFO - Filling up the DagBag from /opt/airflow/dags/data_ingestion_gcs_dag.py
[2022-09-29 11:24:48,313] {processor.py:654} INFO - DAG(s) dict_keys(['data_ingestion_gcs_dag']) retrieved from /opt/airflow/dags/data_ingestion_gcs_dag.py
[2022-09-29 11:24:48,322] {logging_mixin.py:109} INFO - [2022-09-29 11:24:48,322] {dag.py:2396} INFO - Sync 1 DAGs
[2022-09-29 11:24:48,361] {processor.py:171} INFO - Processing /opt/airflow/dags/data_ingestion_gcs_dag.py took 0.849 seconds
[2022-09-29 11:25:18,506] {processor.py:163} INFO - Started process (PID=2046) to work on /opt/airflow/dags/data_ingestion_gcs_dag.py
[2022-09-29 11:25:18,514] {processor.py:642} INFO - Processing file /opt/airflow/dags/data_ingestion_gcs_dag.py for tasks to queue
[2022-09-29 11:25:18,515] {logging_mixin.py:109} INFO - [2022-09-29 11:25:18,515] {dagbag.py:500} INFO - Filling up the DagBag from /opt/airflow/dags/data_ingestion_gcs_dag.py
[2022-09-29 11:25:19,397] {processor.py:654} INFO - DAG(s) dict_keys(['data_ingestion_gcs_dag']) retrieved from /opt/airflow/dags/data_ingestion_gcs_dag.py
[2022-09-29 11:25:19,411] {logging_mixin.py:109} INFO - [2022-09-29 11:25:19,411] {dag.py:2396} INFO - Sync 1 DAGs
[2022-09-29 11:25:19,446] {processor.py:171} INFO - Processing /opt/airflow/dags/data_ingestion_gcs_dag.py took 0.944 seconds
[2022-09-29 11:25:49,550] {processor.py:163} INFO - Started process (PID=2087) to work on /opt/airflow/dags/data_ingestion_gcs_dag.py
[2022-09-29 11:25:49,558] {processor.py:642} INFO - Processing file /opt/airflow/dags/data_ingestion_gcs_dag.py for tasks to queue
[2022-09-29 11:25:49,559] {logging_mixin.py:109} INFO - [2022-09-29 11:25:49,559] {dagbag.py:500} INFO - Filling up the DagBag from /opt/airflow/dags/data_ingestion_gcs_dag.py
[2022-09-29 11:25:50,428] {processor.py:654} INFO - DAG(s) dict_keys(['data_ingestion_gcs_dag']) retrieved from /opt/airflow/dags/data_ingestion_gcs_dag.py
[2022-09-29 11:25:50,438] {logging_mixin.py:109} INFO - [2022-09-29 11:25:50,438] {dag.py:2396} INFO - Sync 1 DAGs
[2022-09-29 11:25:50,480] {processor.py:171} INFO - Processing /opt/airflow/dags/data_ingestion_gcs_dag.py took 0.933 seconds
[2022-09-29 11:26:20,589] {processor.py:163} INFO - Started process (PID=2118) to work on /opt/airflow/dags/data_ingestion_gcs_dag.py
[2022-09-29 11:26:20,597] {processor.py:642} INFO - Processing file /opt/airflow/dags/data_ingestion_gcs_dag.py for tasks to queue
[2022-09-29 11:26:20,598] {logging_mixin.py:109} INFO - [2022-09-29 11:26:20,597] {dagbag.py:500} INFO - Filling up the DagBag from /opt/airflow/dags/data_ingestion_gcs_dag.py
[2022-09-29 11:26:21,349] {processor.py:654} INFO - DAG(s) dict_keys(['data_ingestion_gcs_dag']) retrieved from /opt/airflow/dags/data_ingestion_gcs_dag.py
[2022-09-29 11:26:21,363] {logging_mixin.py:109} INFO - [2022-09-29 11:26:21,363] {dag.py:2396} INFO - Sync 1 DAGs
[2022-09-29 11:26:21,400] {processor.py:171} INFO - Processing /opt/airflow/dags/data_ingestion_gcs_dag.py took 0.815 seconds
[2022-09-29 11:26:51,500] {processor.py:163} INFO - Started process (PID=2158) to work on /opt/airflow/dags/data_ingestion_gcs_dag.py
[2022-09-29 11:26:51,502] {processor.py:642} INFO - Processing file /opt/airflow/dags/data_ingestion_gcs_dag.py for tasks to queue
[2022-09-29 11:26:51,503] {logging_mixin.py:109} INFO - [2022-09-29 11:26:51,502] {dagbag.py:500} INFO - Filling up the DagBag from /opt/airflow/dags/data_ingestion_gcs_dag.py
[2022-09-29 11:26:52,256] {processor.py:654} INFO - DAG(s) dict_keys(['data_ingestion_gcs_dag']) retrieved from /opt/airflow/dags/data_ingestion_gcs_dag.py
[2022-09-29 11:26:52,270] {logging_mixin.py:109} INFO - [2022-09-29 11:26:52,270] {dag.py:2396} INFO - Sync 1 DAGs
[2022-09-29 11:26:52,305] {processor.py:171} INFO - Processing /opt/airflow/dags/data_ingestion_gcs_dag.py took 0.809 seconds
[2022-09-29 11:27:22,406] {processor.py:163} INFO - Started process (PID=2190) to work on /opt/airflow/dags/data_ingestion_gcs_dag.py
[2022-09-29 11:27:22,408] {processor.py:642} INFO - Processing file /opt/airflow/dags/data_ingestion_gcs_dag.py for tasks to queue
[2022-09-29 11:27:22,408] {logging_mixin.py:109} INFO - [2022-09-29 11:27:22,408] {dagbag.py:500} INFO - Filling up the DagBag from /opt/airflow/dags/data_ingestion_gcs_dag.py
[2022-09-29 11:27:23,124] {processor.py:654} INFO - DAG(s) dict_keys(['data_ingestion_gcs_dag']) retrieved from /opt/airflow/dags/data_ingestion_gcs_dag.py
[2022-09-29 11:27:23,139] {logging_mixin.py:109} INFO - [2022-09-29 11:27:23,139] {dag.py:2396} INFO - Sync 1 DAGs
[2022-09-29 11:27:23,177] {processor.py:171} INFO - Processing /opt/airflow/dags/data_ingestion_gcs_dag.py took 0.776 seconds
[2022-09-29 11:27:53,266] {processor.py:163} INFO - Started process (PID=2230) to work on /opt/airflow/dags/data_ingestion_gcs_dag.py
[2022-09-29 11:27:53,273] {processor.py:642} INFO - Processing file /opt/airflow/dags/data_ingestion_gcs_dag.py for tasks to queue
[2022-09-29 11:27:53,274] {logging_mixin.py:109} INFO - [2022-09-29 11:27:53,274] {dagbag.py:500} INFO - Filling up the DagBag from /opt/airflow/dags/data_ingestion_gcs_dag.py
[2022-09-29 11:27:54,026] {processor.py:654} INFO - DAG(s) dict_keys(['data_ingestion_gcs_dag']) retrieved from /opt/airflow/dags/data_ingestion_gcs_dag.py
[2022-09-29 11:27:54,037] {logging_mixin.py:109} INFO - [2022-09-29 11:27:54,037] {dag.py:2396} INFO - Sync 1 DAGs
[2022-09-29 11:27:54,070] {processor.py:171} INFO - Processing /opt/airflow/dags/data_ingestion_gcs_dag.py took 0.808 seconds
[2022-09-29 11:28:24,173] {processor.py:163} INFO - Started process (PID=2261) to work on /opt/airflow/dags/data_ingestion_gcs_dag.py
[2022-09-29 11:28:24,174] {processor.py:642} INFO - Processing file /opt/airflow/dags/data_ingestion_gcs_dag.py for tasks to queue
[2022-09-29 11:28:24,175] {logging_mixin.py:109} INFO - [2022-09-29 11:28:24,175] {dagbag.py:500} INFO - Filling up the DagBag from /opt/airflow/dags/data_ingestion_gcs_dag.py
[2022-09-29 11:28:24,912] {processor.py:654} INFO - DAG(s) dict_keys(['data_ingestion_gcs_dag']) retrieved from /opt/airflow/dags/data_ingestion_gcs_dag.py
[2022-09-29 11:28:24,924] {logging_mixin.py:109} INFO - [2022-09-29 11:28:24,924] {dag.py:2396} INFO - Sync 1 DAGs
[2022-09-29 11:28:24,963] {processor.py:171} INFO - Processing /opt/airflow/dags/data_ingestion_gcs_dag.py took 0.794 seconds
[2022-09-29 11:28:55,063] {processor.py:163} INFO - Started process (PID=2300) to work on /opt/airflow/dags/data_ingestion_gcs_dag.py
[2022-09-29 11:28:55,064] {processor.py:642} INFO - Processing file /opt/airflow/dags/data_ingestion_gcs_dag.py for tasks to queue
[2022-09-29 11:28:55,065] {logging_mixin.py:109} INFO - [2022-09-29 11:28:55,065] {dagbag.py:500} INFO - Filling up the DagBag from /opt/airflow/dags/data_ingestion_gcs_dag.py
[2022-09-29 11:28:55,732] {processor.py:654} INFO - DAG(s) dict_keys(['data_ingestion_gcs_dag']) retrieved from /opt/airflow/dags/data_ingestion_gcs_dag.py
[2022-09-29 11:28:55,746] {logging_mixin.py:109} INFO - [2022-09-29 11:28:55,746] {dag.py:2396} INFO - Sync 1 DAGs
[2022-09-29 11:28:55,780] {processor.py:171} INFO - Processing /opt/airflow/dags/data_ingestion_gcs_dag.py took 0.721 seconds
[2022-09-29 11:29:25,880] {processor.py:163} INFO - Started process (PID=2332) to work on /opt/airflow/dags/data_ingestion_gcs_dag.py
[2022-09-29 11:29:25,889] {processor.py:642} INFO - Processing file /opt/airflow/dags/data_ingestion_gcs_dag.py for tasks to queue
[2022-09-29 11:29:25,890] {logging_mixin.py:109} INFO - [2022-09-29 11:29:25,890] {dagbag.py:500} INFO - Filling up the DagBag from /opt/airflow/dags/data_ingestion_gcs_dag.py
[2022-09-29 11:29:26,656] {processor.py:654} INFO - DAG(s) dict_keys(['data_ingestion_gcs_dag']) retrieved from /opt/airflow/dags/data_ingestion_gcs_dag.py
[2022-09-29 11:29:26,667] {logging_mixin.py:109} INFO - [2022-09-29 11:29:26,667] {dag.py:2396} INFO - Sync 1 DAGs
[2022-09-29 11:29:26,693] {processor.py:171} INFO - Processing /opt/airflow/dags/data_ingestion_gcs_dag.py took 0.816 seconds
[2022-09-29 11:29:56,785] {processor.py:163} INFO - Started process (PID=2372) to work on /opt/airflow/dags/data_ingestion_gcs_dag.py
[2022-09-29 11:29:56,793] {processor.py:642} INFO - Processing file /opt/airflow/dags/data_ingestion_gcs_dag.py for tasks to queue
[2022-09-29 11:29:56,794] {logging_mixin.py:109} INFO - [2022-09-29 11:29:56,794] {dagbag.py:500} INFO - Filling up the DagBag from /opt/airflow/dags/data_ingestion_gcs_dag.py
[2022-09-29 11:29:57,457] {processor.py:654} INFO - DAG(s) dict_keys(['data_ingestion_gcs_dag']) retrieved from /opt/airflow/dags/data_ingestion_gcs_dag.py
[2022-09-29 11:29:57,470] {logging_mixin.py:109} INFO - [2022-09-29 11:29:57,470] {dag.py:2396} INFO - Sync 1 DAGs
[2022-09-29 11:29:57,501] {processor.py:171} INFO - Processing /opt/airflow/dags/data_ingestion_gcs_dag.py took 0.722 seconds
[2022-09-29 11:30:27,600] {processor.py:163} INFO - Started process (PID=2403) to work on /opt/airflow/dags/data_ingestion_gcs_dag.py
[2022-09-29 11:30:27,608] {processor.py:642} INFO - Processing file /opt/airflow/dags/data_ingestion_gcs_dag.py for tasks to queue
[2022-09-29 11:30:27,609] {logging_mixin.py:109} INFO - [2022-09-29 11:30:27,609] {dagbag.py:500} INFO - Filling up the DagBag from /opt/airflow/dags/data_ingestion_gcs_dag.py
[2022-09-29 11:30:28,425] {processor.py:654} INFO - DAG(s) dict_keys(['data_ingestion_gcs_dag']) retrieved from /opt/airflow/dags/data_ingestion_gcs_dag.py
[2022-09-29 11:30:28,436] {logging_mixin.py:109} INFO - [2022-09-29 11:30:28,436] {dag.py:2396} INFO - Sync 1 DAGs
[2022-09-29 11:30:28,465] {processor.py:171} INFO - Processing /opt/airflow/dags/data_ingestion_gcs_dag.py took 0.868 seconds
[2022-09-29 11:30:58,553] {processor.py:163} INFO - Started process (PID=2443) to work on /opt/airflow/dags/data_ingestion_gcs_dag.py
[2022-09-29 11:30:58,554] {processor.py:642} INFO - Processing file /opt/airflow/dags/data_ingestion_gcs_dag.py for tasks to queue
[2022-09-29 11:30:58,555] {logging_mixin.py:109} INFO - [2022-09-29 11:30:58,555] {dagbag.py:500} INFO - Filling up the DagBag from /opt/airflow/dags/data_ingestion_gcs_dag.py
[2022-09-29 11:30:59,976] {processor.py:654} INFO - DAG(s) dict_keys(['data_ingestion_gcs_dag']) retrieved from /opt/airflow/dags/data_ingestion_gcs_dag.py
[2022-09-29 11:30:59,989] {logging_mixin.py:109} INFO - [2022-09-29 11:30:59,989] {dag.py:2396} INFO - Sync 1 DAGs
[2022-09-29 11:31:00,025] {processor.py:171} INFO - Processing /opt/airflow/dags/data_ingestion_gcs_dag.py took 1.476 seconds
[2022-09-29 11:31:30,720] {processor.py:163} INFO - Started process (PID=2473) to work on /opt/airflow/dags/data_ingestion_gcs_dag.py
[2022-09-29 11:31:30,722] {processor.py:642} INFO - Processing file /opt/airflow/dags/data_ingestion_gcs_dag.py for tasks to queue
[2022-09-29 11:31:30,722] {logging_mixin.py:109} INFO - [2022-09-29 11:31:30,722] {dagbag.py:500} INFO - Filling up the DagBag from /opt/airflow/dags/data_ingestion_gcs_dag.py
[2022-09-29 11:31:33,910] {processor.py:654} INFO - DAG(s) dict_keys(['data_ingestion_gcs_dag']) retrieved from /opt/airflow/dags/data_ingestion_gcs_dag.py
[2022-09-29 11:31:33,925] {logging_mixin.py:109} INFO - [2022-09-29 11:31:33,925] {dag.py:2396} INFO - Sync 1 DAGs
[2022-09-29 11:31:33,955] {processor.py:171} INFO - Processing /opt/airflow/dags/data_ingestion_gcs_dag.py took 3.238 seconds
[2022-09-29 11:32:04,660] {processor.py:163} INFO - Started process (PID=2503) to work on /opt/airflow/dags/data_ingestion_gcs_dag.py
[2022-09-29 11:32:04,661] {processor.py:642} INFO - Processing file /opt/airflow/dags/data_ingestion_gcs_dag.py for tasks to queue
[2022-09-29 11:32:04,661] {logging_mixin.py:109} INFO - [2022-09-29 11:32:04,661] {dagbag.py:500} INFO - Filling up the DagBag from /opt/airflow/dags/data_ingestion_gcs_dag.py
[2022-09-29 11:32:05,633] {processor.py:654} INFO - DAG(s) dict_keys(['data_ingestion_gcs_dag']) retrieved from /opt/airflow/dags/data_ingestion_gcs_dag.py
[2022-09-29 11:32:05,647] {logging_mixin.py:109} INFO - [2022-09-29 11:32:05,647] {dag.py:2396} INFO - Sync 1 DAGs
[2022-09-29 11:32:05,676] {processor.py:171} INFO - Processing /opt/airflow/dags/data_ingestion_gcs_dag.py took 1.020 seconds
[2022-09-29 11:32:35,789] {processor.py:163} INFO - Started process (PID=2545) to work on /opt/airflow/dags/data_ingestion_gcs_dag.py
[2022-09-29 11:32:35,796] {processor.py:642} INFO - Processing file /opt/airflow/dags/data_ingestion_gcs_dag.py for tasks to queue
[2022-09-29 11:32:35,797] {logging_mixin.py:109} INFO - [2022-09-29 11:32:35,797] {dagbag.py:500} INFO - Filling up the DagBag from /opt/airflow/dags/data_ingestion_gcs_dag.py
[2022-09-29 11:32:36,473] {processor.py:654} INFO - DAG(s) dict_keys(['data_ingestion_gcs_dag']) retrieved from /opt/airflow/dags/data_ingestion_gcs_dag.py
[2022-09-29 11:32:36,484] {logging_mixin.py:109} INFO - [2022-09-29 11:32:36,484] {dag.py:2396} INFO - Sync 1 DAGs
[2022-09-29 11:32:36,513] {processor.py:171} INFO - Processing /opt/airflow/dags/data_ingestion_gcs_dag.py took 0.728 seconds
[2022-09-29 11:33:07,394] {processor.py:163} INFO - Started process (PID=2576) to work on /opt/airflow/dags/data_ingestion_gcs_dag.py
[2022-09-29 11:33:07,396] {processor.py:642} INFO - Processing file /opt/airflow/dags/data_ingestion_gcs_dag.py for tasks to queue
[2022-09-29 11:33:07,397] {logging_mixin.py:109} INFO - [2022-09-29 11:33:07,397] {dagbag.py:500} INFO - Filling up the DagBag from /opt/airflow/dags/data_ingestion_gcs_dag.py
[2022-09-29 11:33:08,447] {processor.py:654} INFO - DAG(s) dict_keys(['data_ingestion_gcs_dag']) retrieved from /opt/airflow/dags/data_ingestion_gcs_dag.py
[2022-09-29 11:33:08,462] {logging_mixin.py:109} INFO - [2022-09-29 11:33:08,462] {dag.py:2396} INFO - Sync 1 DAGs
[2022-09-29 11:33:08,489] {processor.py:171} INFO - Processing /opt/airflow/dags/data_ingestion_gcs_dag.py took 1.099 seconds
[2022-09-29 11:33:38,912] {processor.py:163} INFO - Started process (PID=2616) to work on /opt/airflow/dags/data_ingestion_gcs_dag.py
[2022-09-29 11:33:38,913] {processor.py:642} INFO - Processing file /opt/airflow/dags/data_ingestion_gcs_dag.py for tasks to queue
[2022-09-29 11:33:38,914] {logging_mixin.py:109} INFO - [2022-09-29 11:33:38,914] {dagbag.py:500} INFO - Filling up the DagBag from /opt/airflow/dags/data_ingestion_gcs_dag.py
[2022-09-29 11:33:40,190] {processor.py:654} INFO - DAG(s) dict_keys(['data_ingestion_gcs_dag']) retrieved from /opt/airflow/dags/data_ingestion_gcs_dag.py
[2022-09-29 11:33:40,205] {logging_mixin.py:109} INFO - [2022-09-29 11:33:40,205] {dag.py:2396} INFO - Sync 1 DAGs
[2022-09-29 11:33:40,243] {processor.py:171} INFO - Processing /opt/airflow/dags/data_ingestion_gcs_dag.py took 1.334 seconds
[2022-09-29 11:34:10,712] {processor.py:163} INFO - Started process (PID=2647) to work on /opt/airflow/dags/data_ingestion_gcs_dag.py
[2022-09-29 11:34:10,713] {processor.py:642} INFO - Processing file /opt/airflow/dags/data_ingestion_gcs_dag.py for tasks to queue
[2022-09-29 11:34:10,714] {logging_mixin.py:109} INFO - [2022-09-29 11:34:10,714] {dagbag.py:500} INFO - Filling up the DagBag from /opt/airflow/dags/data_ingestion_gcs_dag.py
[2022-09-29 11:34:11,651] {processor.py:654} INFO - DAG(s) dict_keys(['data_ingestion_gcs_dag']) retrieved from /opt/airflow/dags/data_ingestion_gcs_dag.py
[2022-09-29 11:34:11,662] {logging_mixin.py:109} INFO - [2022-09-29 11:34:11,661] {dag.py:2396} INFO - Sync 1 DAGs
[2022-09-29 11:34:11,690] {processor.py:171} INFO - Processing /opt/airflow/dags/data_ingestion_gcs_dag.py took 0.982 seconds
[2022-09-29 11:34:41,851] {processor.py:163} INFO - Started process (PID=2678) to work on /opt/airflow/dags/data_ingestion_gcs_dag.py
[2022-09-29 11:34:41,859] {processor.py:642} INFO - Processing file /opt/airflow/dags/data_ingestion_gcs_dag.py for tasks to queue
[2022-09-29 11:34:41,859] {logging_mixin.py:109} INFO - [2022-09-29 11:34:41,859] {dagbag.py:500} INFO - Filling up the DagBag from /opt/airflow/dags/data_ingestion_gcs_dag.py
[2022-09-29 11:34:42,662] {processor.py:654} INFO - DAG(s) dict_keys(['data_ingestion_gcs_dag']) retrieved from /opt/airflow/dags/data_ingestion_gcs_dag.py
[2022-09-29 11:34:42,674] {logging_mixin.py:109} INFO - [2022-09-29 11:34:42,673] {dag.py:2396} INFO - Sync 1 DAGs
[2022-09-29 11:34:42,707] {processor.py:171} INFO - Processing /opt/airflow/dags/data_ingestion_gcs_dag.py took 0.860 seconds
[2022-09-29 11:35:12,838] {processor.py:163} INFO - Started process (PID=2719) to work on /opt/airflow/dags/data_ingestion_gcs_dag.py
[2022-09-29 11:35:12,845] {processor.py:642} INFO - Processing file /opt/airflow/dags/data_ingestion_gcs_dag.py for tasks to queue
[2022-09-29 11:35:12,846] {logging_mixin.py:109} INFO - [2022-09-29 11:35:12,846] {dagbag.py:500} INFO - Filling up the DagBag from /opt/airflow/dags/data_ingestion_gcs_dag.py
[2022-09-29 11:35:13,498] {processor.py:654} INFO - DAG(s) dict_keys(['data_ingestion_gcs_dag']) retrieved from /opt/airflow/dags/data_ingestion_gcs_dag.py
[2022-09-29 11:35:13,512] {logging_mixin.py:109} INFO - [2022-09-29 11:35:13,512] {dag.py:2396} INFO - Sync 1 DAGs
[2022-09-29 11:35:13,537] {processor.py:171} INFO - Processing /opt/airflow/dags/data_ingestion_gcs_dag.py took 0.703 seconds
[2022-09-29 11:35:43,635] {processor.py:163} INFO - Started process (PID=2750) to work on /opt/airflow/dags/data_ingestion_gcs_dag.py
[2022-09-29 11:35:43,636] {processor.py:642} INFO - Processing file /opt/airflow/dags/data_ingestion_gcs_dag.py for tasks to queue
[2022-09-29 11:35:43,637] {logging_mixin.py:109} INFO - [2022-09-29 11:35:43,637] {dagbag.py:500} INFO - Filling up the DagBag from /opt/airflow/dags/data_ingestion_gcs_dag.py
[2022-09-29 11:35:44,370] {processor.py:654} INFO - DAG(s) dict_keys(['data_ingestion_gcs_dag']) retrieved from /opt/airflow/dags/data_ingestion_gcs_dag.py
[2022-09-29 11:35:44,381] {logging_mixin.py:109} INFO - [2022-09-29 11:35:44,381] {dag.py:2396} INFO - Sync 1 DAGs
[2022-09-29 11:35:44,419] {processor.py:171} INFO - Processing /opt/airflow/dags/data_ingestion_gcs_dag.py took 0.786 seconds
[2022-09-29 11:36:14,517] {processor.py:163} INFO - Started process (PID=2788) to work on /opt/airflow/dags/data_ingestion_gcs_dag.py
[2022-09-29 11:36:14,525] {processor.py:642} INFO - Processing file /opt/airflow/dags/data_ingestion_gcs_dag.py for tasks to queue
[2022-09-29 11:36:14,526] {logging_mixin.py:109} INFO - [2022-09-29 11:36:14,526] {dagbag.py:500} INFO - Filling up the DagBag from /opt/airflow/dags/data_ingestion_gcs_dag.py
[2022-09-29 11:36:15,273] {processor.py:654} INFO - DAG(s) dict_keys(['data_ingestion_gcs_dag']) retrieved from /opt/airflow/dags/data_ingestion_gcs_dag.py
[2022-09-29 11:36:15,283] {logging_mixin.py:109} INFO - [2022-09-29 11:36:15,283] {dag.py:2396} INFO - Sync 1 DAGs
[2022-09-29 11:36:15,312] {processor.py:171} INFO - Processing /opt/airflow/dags/data_ingestion_gcs_dag.py took 0.799 seconds
[2022-09-29 11:36:45,393] {processor.py:163} INFO - Started process (PID=2820) to work on /opt/airflow/dags/data_ingestion_gcs_dag.py
[2022-09-29 11:36:45,401] {processor.py:642} INFO - Processing file /opt/airflow/dags/data_ingestion_gcs_dag.py for tasks to queue
[2022-09-29 11:36:45,401] {logging_mixin.py:109} INFO - [2022-09-29 11:36:45,401] {dagbag.py:500} INFO - Filling up the DagBag from /opt/airflow/dags/data_ingestion_gcs_dag.py
[2022-09-29 11:36:46,157] {processor.py:654} INFO - DAG(s) dict_keys(['data_ingestion_gcs_dag']) retrieved from /opt/airflow/dags/data_ingestion_gcs_dag.py
[2022-09-29 11:36:46,167] {logging_mixin.py:109} INFO - [2022-09-29 11:36:46,166] {dag.py:2396} INFO - Sync 1 DAGs
[2022-09-29 11:36:46,192] {processor.py:171} INFO - Processing /opt/airflow/dags/data_ingestion_gcs_dag.py took 0.803 seconds
[2022-09-29 11:37:16,295] {processor.py:163} INFO - Started process (PID=2860) to work on /opt/airflow/dags/data_ingestion_gcs_dag.py
[2022-09-29 11:37:16,304] {processor.py:642} INFO - Processing file /opt/airflow/dags/data_ingestion_gcs_dag.py for tasks to queue
[2022-09-29 11:37:16,304] {logging_mixin.py:109} INFO - [2022-09-29 11:37:16,304] {dagbag.py:500} INFO - Filling up the DagBag from /opt/airflow/dags/data_ingestion_gcs_dag.py
[2022-09-29 11:37:16,968] {processor.py:654} INFO - DAG(s) dict_keys(['data_ingestion_gcs_dag']) retrieved from /opt/airflow/dags/data_ingestion_gcs_dag.py
[2022-09-29 11:37:16,981] {logging_mixin.py:109} INFO - [2022-09-29 11:37:16,981] {dag.py:2396} INFO - Sync 1 DAGs
[2022-09-29 11:37:17,013] {processor.py:171} INFO - Processing /opt/airflow/dags/data_ingestion_gcs_dag.py took 0.721 seconds
[2022-09-29 11:37:47,110] {processor.py:163} INFO - Started process (PID=2892) to work on /opt/airflow/dags/data_ingestion_gcs_dag.py
[2022-09-29 11:37:47,111] {processor.py:642} INFO - Processing file /opt/airflow/dags/data_ingestion_gcs_dag.py for tasks to queue
[2022-09-29 11:37:47,111] {logging_mixin.py:109} INFO - [2022-09-29 11:37:47,111] {dagbag.py:500} INFO - Filling up the DagBag from /opt/airflow/dags/data_ingestion_gcs_dag.py
[2022-09-29 11:37:47,801] {processor.py:654} INFO - DAG(s) dict_keys(['data_ingestion_gcs_dag']) retrieved from /opt/airflow/dags/data_ingestion_gcs_dag.py
[2022-09-29 11:37:47,812] {logging_mixin.py:109} INFO - [2022-09-29 11:37:47,812] {dag.py:2396} INFO - Sync 1 DAGs
[2022-09-29 11:37:47,854] {processor.py:171} INFO - Processing /opt/airflow/dags/data_ingestion_gcs_dag.py took 0.748 seconds
[2022-09-29 11:38:17,949] {processor.py:163} INFO - Started process (PID=2932) to work on /opt/airflow/dags/data_ingestion_gcs_dag.py
[2022-09-29 11:38:17,957] {processor.py:642} INFO - Processing file /opt/airflow/dags/data_ingestion_gcs_dag.py for tasks to queue
[2022-09-29 11:38:17,957] {logging_mixin.py:109} INFO - [2022-09-29 11:38:17,957] {dagbag.py:500} INFO - Filling up the DagBag from /opt/airflow/dags/data_ingestion_gcs_dag.py
[2022-09-29 11:38:18,624] {processor.py:654} INFO - DAG(s) dict_keys(['data_ingestion_gcs_dag']) retrieved from /opt/airflow/dags/data_ingestion_gcs_dag.py
[2022-09-29 11:38:18,631] {logging_mixin.py:109} INFO - [2022-09-29 11:38:18,631] {dag.py:2396} INFO - Sync 1 DAGs
[2022-09-29 11:38:18,664] {processor.py:171} INFO - Processing /opt/airflow/dags/data_ingestion_gcs_dag.py took 0.720 seconds
[2022-09-29 11:38:48,810] {processor.py:163} INFO - Started process (PID=2963) to work on /opt/airflow/dags/data_ingestion_gcs_dag.py
[2022-09-29 11:38:48,818] {processor.py:642} INFO - Processing file /opt/airflow/dags/data_ingestion_gcs_dag.py for tasks to queue
[2022-09-29 11:38:48,818] {logging_mixin.py:109} INFO - [2022-09-29 11:38:48,818] {dagbag.py:500} INFO - Filling up the DagBag from /opt/airflow/dags/data_ingestion_gcs_dag.py
[2022-09-29 11:38:49,516] {processor.py:654} INFO - DAG(s) dict_keys(['data_ingestion_gcs_dag']) retrieved from /opt/airflow/dags/data_ingestion_gcs_dag.py
[2022-09-29 11:38:49,527] {logging_mixin.py:109} INFO - [2022-09-29 11:38:49,527] {dag.py:2396} INFO - Sync 1 DAGs
[2022-09-29 11:38:49,563] {processor.py:171} INFO - Processing /opt/airflow/dags/data_ingestion_gcs_dag.py took 0.756 seconds
[2022-09-29 11:39:19,662] {processor.py:163} INFO - Started process (PID=3003) to work on /opt/airflow/dags/data_ingestion_gcs_dag.py
[2022-09-29 11:39:19,670] {processor.py:642} INFO - Processing file /opt/airflow/dags/data_ingestion_gcs_dag.py for tasks to queue
[2022-09-29 11:39:19,671] {logging_mixin.py:109} INFO - [2022-09-29 11:39:19,670] {dagbag.py:500} INFO - Filling up the DagBag from /opt/airflow/dags/data_ingestion_gcs_dag.py
[2022-09-29 11:39:20,322] {processor.py:654} INFO - DAG(s) dict_keys(['data_ingestion_gcs_dag']) retrieved from /opt/airflow/dags/data_ingestion_gcs_dag.py
[2022-09-29 11:39:20,334] {logging_mixin.py:109} INFO - [2022-09-29 11:39:20,334] {dag.py:2396} INFO - Sync 1 DAGs
[2022-09-29 11:39:20,368] {processor.py:171} INFO - Processing /opt/airflow/dags/data_ingestion_gcs_dag.py took 0.710 seconds
[2022-09-29 11:39:50,461] {processor.py:163} INFO - Started process (PID=3034) to work on /opt/airflow/dags/data_ingestion_gcs_dag.py
[2022-09-29 11:39:50,463] {processor.py:642} INFO - Processing file /opt/airflow/dags/data_ingestion_gcs_dag.py for tasks to queue
[2022-09-29 11:39:50,463] {logging_mixin.py:109} INFO - [2022-09-29 11:39:50,463] {dagbag.py:500} INFO - Filling up the DagBag from /opt/airflow/dags/data_ingestion_gcs_dag.py
[2022-09-29 11:39:51,156] {processor.py:654} INFO - DAG(s) dict_keys(['data_ingestion_gcs_dag']) retrieved from /opt/airflow/dags/data_ingestion_gcs_dag.py
[2022-09-29 11:39:51,167] {logging_mixin.py:109} INFO - [2022-09-29 11:39:51,167] {dag.py:2396} INFO - Sync 1 DAGs
[2022-09-29 11:39:51,205] {processor.py:171} INFO - Processing /opt/airflow/dags/data_ingestion_gcs_dag.py took 0.749 seconds
[2022-09-29 11:40:21,358] {processor.py:163} INFO - Started process (PID=3075) to work on /opt/airflow/dags/data_ingestion_gcs_dag.py
[2022-09-29 11:40:21,365] {processor.py:642} INFO - Processing file /opt/airflow/dags/data_ingestion_gcs_dag.py for tasks to queue
[2022-09-29 11:40:21,366] {logging_mixin.py:109} INFO - [2022-09-29 11:40:21,366] {dagbag.py:500} INFO - Filling up the DagBag from /opt/airflow/dags/data_ingestion_gcs_dag.py
[2022-09-29 11:40:22,013] {processor.py:654} INFO - DAG(s) dict_keys(['data_ingestion_gcs_dag']) retrieved from /opt/airflow/dags/data_ingestion_gcs_dag.py
[2022-09-29 11:40:22,026] {logging_mixin.py:109} INFO - [2022-09-29 11:40:22,026] {dag.py:2396} INFO - Sync 1 DAGs
[2022-09-29 11:40:22,053] {processor.py:171} INFO - Processing /opt/airflow/dags/data_ingestion_gcs_dag.py took 0.700 seconds
[2022-09-29 11:41:03,813] {processor.py:163} INFO - Started process (PID=3106) to work on /opt/airflow/dags/data_ingestion_gcs_dag.py
[2022-09-29 11:41:03,815] {processor.py:642} INFO - Processing file /opt/airflow/dags/data_ingestion_gcs_dag.py for tasks to queue
[2022-09-29 11:41:03,816] {logging_mixin.py:109} INFO - [2022-09-29 11:41:03,816] {dagbag.py:500} INFO - Filling up the DagBag from /opt/airflow/dags/data_ingestion_gcs_dag.py
[2022-09-29 11:41:05,243] {processor.py:654} INFO - DAG(s) dict_keys(['data_ingestion_gcs_dag']) retrieved from /opt/airflow/dags/data_ingestion_gcs_dag.py
[2022-09-29 11:41:05,257] {logging_mixin.py:109} INFO - [2022-09-29 11:41:05,256] {dag.py:2396} INFO - Sync 1 DAGs
[2022-09-29 11:41:05,299] {processor.py:171} INFO - Processing /opt/airflow/dags/data_ingestion_gcs_dag.py took 1.490 seconds
[2022-09-29 11:41:47,759] {processor.py:163} INFO - Started process (PID=3137) to work on /opt/airflow/dags/data_ingestion_gcs_dag.py
[2022-09-29 11:41:49,557] {processor.py:642} INFO - Processing file /opt/airflow/dags/data_ingestion_gcs_dag.py for tasks to queue
[2022-09-29 11:41:51,334] {logging_mixin.py:109} INFO - [2022-09-29 11:41:50,799] {dagbag.py:500} INFO - Filling up the DagBag from /opt/airflow/dags/data_ingestion_gcs_dag.py
[2022-09-29 11:41:55,638] {processor.py:654} INFO - DAG(s) dict_keys(['data_ingestion_gcs_dag']) retrieved from /opt/airflow/dags/data_ingestion_gcs_dag.py
[2022-09-29 11:41:55,655] {logging_mixin.py:109} INFO - [2022-09-29 11:41:55,655] {dag.py:2396} INFO - Sync 1 DAGs
[2022-09-29 11:41:55,699] {processor.py:171} INFO - Processing /opt/airflow/dags/data_ingestion_gcs_dag.py took 9.540 seconds
[2022-09-29 11:42:45,937] {processor.py:163} INFO - Started process (PID=3159) to work on /opt/airflow/dags/data_ingestion_gcs_dag.py
[2022-09-29 11:42:45,949] {processor.py:642} INFO - Processing file /opt/airflow/dags/data_ingestion_gcs_dag.py for tasks to queue
[2022-09-29 11:42:45,950] {logging_mixin.py:109} INFO - [2022-09-29 11:42:45,950] {dagbag.py:500} INFO - Filling up the DagBag from /opt/airflow/dags/data_ingestion_gcs_dag.py
[2022-09-29 11:42:47,931] {processor.py:654} INFO - DAG(s) dict_keys(['data_ingestion_gcs_dag']) retrieved from /opt/airflow/dags/data_ingestion_gcs_dag.py
[2022-09-29 11:42:47,947] {logging_mixin.py:109} INFO - [2022-09-29 11:42:47,947] {dag.py:2396} INFO - Sync 1 DAGs
[2022-09-29 11:42:47,987] {processor.py:171} INFO - Processing /opt/airflow/dags/data_ingestion_gcs_dag.py took 2.066 seconds
[2022-09-29 11:43:37,912] {processor.py:163} INFO - Started process (PID=3181) to work on /opt/airflow/dags/data_ingestion_gcs_dag.py
[2022-09-29 11:43:37,935] {processor.py:642} INFO - Processing file /opt/airflow/dags/data_ingestion_gcs_dag.py for tasks to queue
[2022-09-29 11:43:37,939] {logging_mixin.py:109} INFO - [2022-09-29 11:43:37,939] {dagbag.py:500} INFO - Filling up the DagBag from /opt/airflow/dags/data_ingestion_gcs_dag.py
[2022-09-29 11:43:40,994] {processor.py:654} INFO - DAG(s) dict_keys(['data_ingestion_gcs_dag']) retrieved from /opt/airflow/dags/data_ingestion_gcs_dag.py
[2022-09-29 11:43:41,012] {logging_mixin.py:109} INFO - [2022-09-29 11:43:41,011] {dag.py:2396} INFO - Sync 1 DAGs
[2022-09-29 11:43:41,055] {processor.py:171} INFO - Processing /opt/airflow/dags/data_ingestion_gcs_dag.py took 3.190 seconds
[2022-09-29 11:44:11,166] {processor.py:163} INFO - Started process (PID=3212) to work on /opt/airflow/dags/data_ingestion_gcs_dag.py
[2022-09-29 11:44:11,167] {processor.py:642} INFO - Processing file /opt/airflow/dags/data_ingestion_gcs_dag.py for tasks to queue
[2022-09-29 11:44:11,168] {logging_mixin.py:109} INFO - [2022-09-29 11:44:11,168] {dagbag.py:500} INFO - Filling up the DagBag from /opt/airflow/dags/data_ingestion_gcs_dag.py
[2022-09-29 11:44:12,041] {processor.py:654} INFO - DAG(s) dict_keys(['data_ingestion_gcs_dag']) retrieved from /opt/airflow/dags/data_ingestion_gcs_dag.py
[2022-09-29 11:44:12,058] {logging_mixin.py:109} INFO - [2022-09-29 11:44:12,057] {dag.py:2396} INFO - Sync 1 DAGs
[2022-09-29 11:44:12,092] {processor.py:171} INFO - Processing /opt/airflow/dags/data_ingestion_gcs_dag.py took 0.929 seconds
