[2022-10-04 18:26:06,135] {taskinstance.py:1032} INFO - Dependencies all met for <TaskInstance: data_ingestion_gcs_dag.download_dataset_task manual__2022-10-04T18:26:02.570298+00:00 [queued]>
[2022-10-04 18:26:06,153] {taskinstance.py:1032} INFO - Dependencies all met for <TaskInstance: data_ingestion_gcs_dag.download_dataset_task manual__2022-10-04T18:26:02.570298+00:00 [queued]>
[2022-10-04 18:26:06,154] {taskinstance.py:1238} INFO - 
--------------------------------------------------------------------------------
[2022-10-04 18:26:06,154] {taskinstance.py:1239} INFO - Starting attempt 1 of 2
[2022-10-04 18:26:06,154] {taskinstance.py:1240} INFO - 
--------------------------------------------------------------------------------
[2022-10-04 18:26:06,177] {taskinstance.py:1259} INFO - Executing <Task(BashOperator): download_dataset_task> on 2022-10-04 18:26:02.570298+00:00
[2022-10-04 18:26:06,189] {standard_task_runner.py:52} INFO - Started process 4970 to run task
[2022-10-04 18:26:06,195] {standard_task_runner.py:76} INFO - Running: ['***', 'tasks', 'run', 'data_ingestion_gcs_dag', 'download_dataset_task', 'manual__2022-10-04T18:26:02.570298+00:00', '--job-id', '31', '--raw', '--subdir', 'DAGS_FOLDER/data_ingestion_gcs_dag.py', '--cfg-path', '/tmp/tmplnmzt84v', '--error-file', '/tmp/tmplvstomih']
[2022-10-04 18:26:06,196] {standard_task_runner.py:77} INFO - Job 31: Subtask download_dataset_task
[2022-10-04 18:26:06,288] {logging_mixin.py:109} INFO - Running <TaskInstance: data_ingestion_gcs_dag.download_dataset_task manual__2022-10-04T18:26:02.570298+00:00 [running]> on host 3adc7691bbaa
[2022-10-04 18:26:06,413] {taskinstance.py:1426} INFO - Exporting the following env vars:
AIRFLOW_CTX_DAG_OWNER=***
AIRFLOW_CTX_DAG_ID=data_ingestion_gcs_dag
AIRFLOW_CTX_TASK_ID=download_dataset_task
AIRFLOW_CTX_EXECUTION_DATE=2022-10-04T18:26:02.570298+00:00
AIRFLOW_CTX_DAG_RUN_ID=manual__2022-10-04T18:26:02.570298+00:00
[2022-10-04 18:26:06,415] {subprocess.py:62} INFO - Tmp dir root location: 
 /tmp
[2022-10-04 18:26:06,416] {subprocess.py:74} INFO - Running command: ['bash', '-c', 'curl  -sSL https://d37ci6vzurychx.cloudfront.net/trip-data/yellow_trpdata_2021-01.parquet > /opt/***/yellow_trpdata_2021-01.parquet']
[2022-10-04 18:26:06,449] {subprocess.py:85} INFO - Output:
[2022-10-04 18:26:07,512] {subprocess.py:93} INFO - Command exited with return code 0
[2022-10-04 18:26:07,557] {taskinstance.py:1277} INFO - Marking task as SUCCESS. dag_id=data_ingestion_gcs_dag, task_id=download_dataset_task, execution_date=20221004T182602, start_date=20221004T182606, end_date=20221004T182607
[2022-10-04 18:26:07,612] {local_task_job.py:154} INFO - Task exited with return code 0
[2022-10-04 18:26:07,689] {local_task_job.py:264} INFO - 1 downstream tasks scheduled from follow-on schedule check
