[2022-10-04 17:56:01,631] {taskinstance.py:1032} INFO - Dependencies all met for <TaskInstance: data_ingestion_gcs_dag.download_dataset_task manual__2022-10-04T17:55:58.781085+00:00 [queued]>
[2022-10-04 17:56:01,653] {taskinstance.py:1032} INFO - Dependencies all met for <TaskInstance: data_ingestion_gcs_dag.download_dataset_task manual__2022-10-04T17:55:58.781085+00:00 [queued]>
[2022-10-04 17:56:01,653] {taskinstance.py:1238} INFO - 
--------------------------------------------------------------------------------
[2022-10-04 17:56:01,653] {taskinstance.py:1239} INFO - Starting attempt 1 of 2
[2022-10-04 17:56:01,653] {taskinstance.py:1240} INFO - 
--------------------------------------------------------------------------------
[2022-10-04 17:56:01,677] {taskinstance.py:1259} INFO - Executing <Task(BashOperator): download_dataset_task> on 2022-10-04 17:55:58.781085+00:00
[2022-10-04 17:56:01,688] {standard_task_runner.py:52} INFO - Started process 2963 to run task
[2022-10-04 17:56:01,693] {standard_task_runner.py:76} INFO - Running: ['***', 'tasks', 'run', 'data_ingestion_gcs_dag', 'download_dataset_task', 'manual__2022-10-04T17:55:58.781085+00:00', '--job-id', '19', '--raw', '--subdir', 'DAGS_FOLDER/data_ingestion_gcs_dag.py', '--cfg-path', '/tmp/tmpkaigda54', '--error-file', '/tmp/tmpkrb7hhjc']
[2022-10-04 17:56:01,695] {standard_task_runner.py:77} INFO - Job 19: Subtask download_dataset_task
[2022-10-04 17:56:01,781] {logging_mixin.py:109} INFO - Running <TaskInstance: data_ingestion_gcs_dag.download_dataset_task manual__2022-10-04T17:55:58.781085+00:00 [running]> on host 3adc7691bbaa
[2022-10-04 17:56:01,880] {taskinstance.py:1426} INFO - Exporting the following env vars:
AIRFLOW_CTX_DAG_OWNER=***
AIRFLOW_CTX_DAG_ID=data_ingestion_gcs_dag
AIRFLOW_CTX_TASK_ID=download_dataset_task
AIRFLOW_CTX_EXECUTION_DATE=2022-10-04T17:55:58.781085+00:00
AIRFLOW_CTX_DAG_RUN_ID=manual__2022-10-04T17:55:58.781085+00:00
[2022-10-04 17:56:01,883] {subprocess.py:62} INFO - Tmp dir root location: 
 /tmp
[2022-10-04 17:56:01,884] {subprocess.py:74} INFO - Running command: ['bash', '-c', 'curl  -sSL https://d37ci6vzurychx.cloudfront.net/trip-data/yellow_trpdata_2021-01.parquet > /opt/***/yellow_trpdata_2021-01.parquet']
[2022-10-04 17:56:01,911] {subprocess.py:85} INFO - Output:
[2022-10-04 17:56:03,541] {subprocess.py:93} INFO - Command exited with return code 0
[2022-10-04 17:56:03,616] {taskinstance.py:1277} INFO - Marking task as SUCCESS. dag_id=data_ingestion_gcs_dag, task_id=download_dataset_task, execution_date=20221004T175558, start_date=20221004T175601, end_date=20221004T175603
[2022-10-04 17:56:03,671] {local_task_job.py:154} INFO - Task exited with return code 0
[2022-10-04 17:56:03,760] {local_task_job.py:264} INFO - 1 downstream tasks scheduled from follow-on schedule check
