[2022-10-04 18:14:56,188] {taskinstance.py:1032} INFO - Dependencies all met for <TaskInstance: data_ingestion_gcs_dag.download_dataset_task manual__2022-10-04T18:14:52.362783+00:00 [queued]>
[2022-10-04 18:14:56,214] {taskinstance.py:1032} INFO - Dependencies all met for <TaskInstance: data_ingestion_gcs_dag.download_dataset_task manual__2022-10-04T18:14:52.362783+00:00 [queued]>
[2022-10-04 18:14:56,214] {taskinstance.py:1238} INFO - 
--------------------------------------------------------------------------------
[2022-10-04 18:14:56,214] {taskinstance.py:1239} INFO - Starting attempt 1 of 2
[2022-10-04 18:14:56,215] {taskinstance.py:1240} INFO - 
--------------------------------------------------------------------------------
[2022-10-04 18:14:56,239] {taskinstance.py:1259} INFO - Executing <Task(BashOperator): download_dataset_task> on 2022-10-04 18:14:52.362783+00:00
[2022-10-04 18:14:56,252] {standard_task_runner.py:52} INFO - Started process 4273 to run task
[2022-10-04 18:14:56,258] {standard_task_runner.py:76} INFO - Running: ['***', 'tasks', 'run', 'data_ingestion_gcs_dag', 'download_dataset_task', 'manual__2022-10-04T18:14:52.362783+00:00', '--job-id', '27', '--raw', '--subdir', 'DAGS_FOLDER/data_ingestion_gcs_dag.py', '--cfg-path', '/tmp/tmp_s_2_xvm', '--error-file', '/tmp/tmps4o36g__']
[2022-10-04 18:14:56,259] {standard_task_runner.py:77} INFO - Job 27: Subtask download_dataset_task
[2022-10-04 18:14:56,346] {logging_mixin.py:109} INFO - Running <TaskInstance: data_ingestion_gcs_dag.download_dataset_task manual__2022-10-04T18:14:52.362783+00:00 [running]> on host 3adc7691bbaa
[2022-10-04 18:14:56,510] {taskinstance.py:1426} INFO - Exporting the following env vars:
AIRFLOW_CTX_DAG_OWNER=***
AIRFLOW_CTX_DAG_ID=data_ingestion_gcs_dag
AIRFLOW_CTX_TASK_ID=download_dataset_task
AIRFLOW_CTX_EXECUTION_DATE=2022-10-04T18:14:52.362783+00:00
AIRFLOW_CTX_DAG_RUN_ID=manual__2022-10-04T18:14:52.362783+00:00
[2022-10-04 18:14:56,518] {subprocess.py:62} INFO - Tmp dir root location: 
 /tmp
[2022-10-04 18:14:56,519] {subprocess.py:74} INFO - Running command: ['bash', '-c', 'curl  -sSL https://d37ci6vzurychx.cloudfront.net/trip-data/yellow_trpdata_2021-01.parquet > /opt/***/yellow_trpdata_2021-01.parquet']
[2022-10-04 18:14:56,579] {subprocess.py:85} INFO - Output:
[2022-10-04 18:14:57,953] {subprocess.py:93} INFO - Command exited with return code 0
[2022-10-04 18:14:58,018] {taskinstance.py:1277} INFO - Marking task as SUCCESS. dag_id=data_ingestion_gcs_dag, task_id=download_dataset_task, execution_date=20221004T181452, start_date=20221004T181456, end_date=20221004T181458
[2022-10-04 18:14:58,120] {local_task_job.py:154} INFO - Task exited with return code 0
[2022-10-04 18:14:58,224] {local_task_job.py:264} INFO - 1 downstream tasks scheduled from follow-on schedule check
