[2022-10-04 18:38:15,448] {taskinstance.py:1032} INFO - Dependencies all met for <TaskInstance: data_ingestion_gcs_dag.local_to_gcs_task manual__2022-10-04T18:38:04.866194+00:00 [queued]>
[2022-10-04 18:38:15,473] {taskinstance.py:1032} INFO - Dependencies all met for <TaskInstance: data_ingestion_gcs_dag.local_to_gcs_task manual__2022-10-04T18:38:04.866194+00:00 [queued]>
[2022-10-04 18:38:15,474] {taskinstance.py:1238} INFO - 
--------------------------------------------------------------------------------
[2022-10-04 18:38:15,474] {taskinstance.py:1239} INFO - Starting attempt 1 of 2
[2022-10-04 18:38:15,474] {taskinstance.py:1240} INFO - 
--------------------------------------------------------------------------------
[2022-10-04 18:38:15,496] {taskinstance.py:1259} INFO - Executing <Task(PythonOperator): local_to_gcs_task> on 2022-10-04 18:38:04.866194+00:00
[2022-10-04 18:38:15,508] {standard_task_runner.py:52} INFO - Started process 5815 to run task
[2022-10-04 18:38:15,513] {standard_task_runner.py:76} INFO - Running: ['***', 'tasks', 'run', 'data_ingestion_gcs_dag', 'local_to_gcs_task', 'manual__2022-10-04T18:38:04.866194+00:00', '--job-id', '37', '--raw', '--subdir', 'DAGS_FOLDER/data_ingestion_gcs_dag.py', '--cfg-path', '/tmp/tmpjj6y6v7d', '--error-file', '/tmp/tmptzuuu14k']
[2022-10-04 18:38:15,514] {standard_task_runner.py:77} INFO - Job 37: Subtask local_to_gcs_task
[2022-10-04 18:38:15,599] {logging_mixin.py:109} INFO - Running <TaskInstance: data_ingestion_gcs_dag.local_to_gcs_task manual__2022-10-04T18:38:04.866194+00:00 [running]> on host 3adc7691bbaa
[2022-10-04 18:38:15,728] {taskinstance.py:1426} INFO - Exporting the following env vars:
AIRFLOW_CTX_DAG_OWNER=***
AIRFLOW_CTX_DAG_ID=data_ingestion_gcs_dag
AIRFLOW_CTX_TASK_ID=local_to_gcs_task
AIRFLOW_CTX_EXECUTION_DATE=2022-10-04T18:38:04.866194+00:00
AIRFLOW_CTX_DAG_RUN_ID=manual__2022-10-04T18:38:04.866194+00:00
[2022-10-04 18:38:17,550] {python.py:175} INFO - Done. Returned value was: None
[2022-10-04 18:38:17,645] {taskinstance.py:1277} INFO - Marking task as SUCCESS. dag_id=data_ingestion_gcs_dag, task_id=local_to_gcs_task, execution_date=20221004T183804, start_date=20221004T183815, end_date=20221004T183817
[2022-10-04 18:38:17,734] {local_task_job.py:154} INFO - Task exited with return code 0
[2022-10-04 18:38:17,811] {local_task_job.py:264} INFO - 1 downstream tasks scheduled from follow-on schedule check
