[2022-10-04 17:34:07,501] {taskinstance.py:1032} INFO - Dependencies all met for <TaskInstance: data_ingestion_gcs_dag.format_to_parquet_task scheduled__2022-10-03T00:00:00+00:00 [queued]>
[2022-10-04 17:34:07,519] {taskinstance.py:1032} INFO - Dependencies all met for <TaskInstance: data_ingestion_gcs_dag.format_to_parquet_task scheduled__2022-10-03T00:00:00+00:00 [queued]>
[2022-10-04 17:34:07,520] {taskinstance.py:1238} INFO - 
--------------------------------------------------------------------------------
[2022-10-04 17:34:07,520] {taskinstance.py:1239} INFO - Starting attempt 1 of 2
[2022-10-04 17:34:07,520] {taskinstance.py:1240} INFO - 
--------------------------------------------------------------------------------
[2022-10-04 17:34:07,539] {taskinstance.py:1259} INFO - Executing <Task(PythonOperator): format_to_parquet_task> on 2022-10-03 00:00:00+00:00
[2022-10-04 17:34:07,551] {standard_task_runner.py:52} INFO - Started process 1492 to run task
[2022-10-04 17:34:07,557] {standard_task_runner.py:76} INFO - Running: ['***', 'tasks', 'run', 'data_ingestion_gcs_dag', 'format_to_parquet_task', 'scheduled__2022-10-03T00:00:00+00:00', '--job-id', '12', '--raw', '--subdir', 'DAGS_FOLDER/data_ingestion_gcs_dag.py', '--cfg-path', '/tmp/tmpu9898h2z', '--error-file', '/tmp/tmpow9i1_md']
[2022-10-04 17:34:07,558] {standard_task_runner.py:77} INFO - Job 12: Subtask format_to_parquet_task
[2022-10-04 17:34:07,643] {logging_mixin.py:109} INFO - Running <TaskInstance: data_ingestion_gcs_dag.format_to_parquet_task scheduled__2022-10-03T00:00:00+00:00 [running]> on host 3adc7691bbaa
[2022-10-04 17:34:07,735] {taskinstance.py:1426} INFO - Exporting the following env vars:
AIRFLOW_CTX_DAG_OWNER=***
AIRFLOW_CTX_DAG_ID=data_ingestion_gcs_dag
AIRFLOW_CTX_TASK_ID=format_to_parquet_task
AIRFLOW_CTX_EXECUTION_DATE=2022-10-03T00:00:00+00:00
AIRFLOW_CTX_DAG_RUN_ID=scheduled__2022-10-03T00:00:00+00:00
[2022-10-04 17:34:07,737] {data_ingestion_gcs_dag.py:34} ERROR - Can only accept source files in csv format, for the moment
[2022-10-04 17:34:07,738] {python.py:175} INFO - Done. Returned value was: None
[2022-10-04 17:34:07,759] {taskinstance.py:1277} INFO - Marking task as SUCCESS. dag_id=data_ingestion_gcs_dag, task_id=format_to_parquet_task, execution_date=20221003T000000, start_date=20221004T173407, end_date=20221004T173407
[2022-10-04 17:34:07,807] {local_task_job.py:154} INFO - Task exited with return code 0
[2022-10-04 17:34:07,872] {local_task_job.py:264} INFO - 1 downstream tasks scheduled from follow-on schedule check
