[2022-10-04 17:44:28,144] {taskinstance.py:1032} INFO - Dependencies all met for <TaskInstance: data_ingestion_gcs_dag.download_dataset_task manual__2022-10-04T17:44:25.776673+00:00 [queued]>
[2022-10-04 17:44:28,163] {taskinstance.py:1032} INFO - Dependencies all met for <TaskInstance: data_ingestion_gcs_dag.download_dataset_task manual__2022-10-04T17:44:25.776673+00:00 [queued]>
[2022-10-04 17:44:28,163] {taskinstance.py:1238} INFO - 
--------------------------------------------------------------------------------
[2022-10-04 17:44:28,164] {taskinstance.py:1239} INFO - Starting attempt 1 of 2
[2022-10-04 17:44:28,164] {taskinstance.py:1240} INFO - 
--------------------------------------------------------------------------------
[2022-10-04 17:44:28,183] {taskinstance.py:1259} INFO - Executing <Task(BashOperator): download_dataset_task> on 2022-10-04 17:44:25.776673+00:00
[2022-10-04 17:44:28,195] {standard_task_runner.py:52} INFO - Started process 2189 to run task
[2022-10-04 17:44:28,202] {standard_task_runner.py:76} INFO - Running: ['***', 'tasks', 'run', 'data_ingestion_gcs_dag', 'download_dataset_task', 'manual__2022-10-04T17:44:25.776673+00:00', '--job-id', '15', '--raw', '--subdir', 'DAGS_FOLDER/data_ingestion_gcs_dag.py', '--cfg-path', '/tmp/tmp9c9lyie0', '--error-file', '/tmp/tmpqoiua0zd']
[2022-10-04 17:44:28,203] {standard_task_runner.py:77} INFO - Job 15: Subtask download_dataset_task
[2022-10-04 17:44:28,300] {logging_mixin.py:109} INFO - Running <TaskInstance: data_ingestion_gcs_dag.download_dataset_task manual__2022-10-04T17:44:25.776673+00:00 [running]> on host 3adc7691bbaa
[2022-10-04 17:44:28,413] {taskinstance.py:1426} INFO - Exporting the following env vars:
AIRFLOW_CTX_DAG_OWNER=***
AIRFLOW_CTX_DAG_ID=data_ingestion_gcs_dag
AIRFLOW_CTX_TASK_ID=download_dataset_task
AIRFLOW_CTX_EXECUTION_DATE=2022-10-04T17:44:25.776673+00:00
AIRFLOW_CTX_DAG_RUN_ID=manual__2022-10-04T17:44:25.776673+00:00
[2022-10-04 17:44:28,415] {subprocess.py:62} INFO - Tmp dir root location: 
 /tmp
[2022-10-04 17:44:28,416] {subprocess.py:74} INFO - Running command: ['bash', '-c', 'curl  -sSL https://d37ci6vzurychx.cloudfront.net/trip-data/yellow_trpdata_2021-01.parquet > /opt/***/yellow_trpdata_2021-01.parquet']
[2022-10-04 17:44:28,450] {subprocess.py:85} INFO - Output:
[2022-10-04 17:44:29,630] {subprocess.py:93} INFO - Command exited with return code 0
[2022-10-04 17:44:29,677] {taskinstance.py:1277} INFO - Marking task as SUCCESS. dag_id=data_ingestion_gcs_dag, task_id=download_dataset_task, execution_date=20221004T174425, start_date=20221004T174428, end_date=20221004T174429
[2022-10-04 17:44:29,739] {local_task_job.py:154} INFO - Task exited with return code 0
[2022-10-04 17:44:29,873] {local_task_job.py:264} INFO - 1 downstream tasks scheduled from follow-on schedule check
