[2022-10-04 18:38:08,111] {taskinstance.py:1032} INFO - Dependencies all met for <TaskInstance: data_ingestion_gcs_dag.download_dataset_task manual__2022-10-04T18:38:04.866194+00:00 [queued]>
[2022-10-04 18:38:08,129] {taskinstance.py:1032} INFO - Dependencies all met for <TaskInstance: data_ingestion_gcs_dag.download_dataset_task manual__2022-10-04T18:38:04.866194+00:00 [queued]>
[2022-10-04 18:38:08,130] {taskinstance.py:1238} INFO - 
--------------------------------------------------------------------------------
[2022-10-04 18:38:08,130] {taskinstance.py:1239} INFO - Starting attempt 1 of 2
[2022-10-04 18:38:08,130] {taskinstance.py:1240} INFO - 
--------------------------------------------------------------------------------
[2022-10-04 18:38:08,149] {taskinstance.py:1259} INFO - Executing <Task(BashOperator): download_dataset_task> on 2022-10-04 18:38:04.866194+00:00
[2022-10-04 18:38:08,161] {standard_task_runner.py:52} INFO - Started process 5783 to run task
[2022-10-04 18:38:08,166] {standard_task_runner.py:76} INFO - Running: ['***', 'tasks', 'run', 'data_ingestion_gcs_dag', 'download_dataset_task', 'manual__2022-10-04T18:38:04.866194+00:00', '--job-id', '35', '--raw', '--subdir', 'DAGS_FOLDER/data_ingestion_gcs_dag.py', '--cfg-path', '/tmp/tmploramjq8', '--error-file', '/tmp/tmpudagxcl0']
[2022-10-04 18:38:08,168] {standard_task_runner.py:77} INFO - Job 35: Subtask download_dataset_task
[2022-10-04 18:38:08,253] {logging_mixin.py:109} INFO - Running <TaskInstance: data_ingestion_gcs_dag.download_dataset_task manual__2022-10-04T18:38:04.866194+00:00 [running]> on host 3adc7691bbaa
[2022-10-04 18:38:08,359] {taskinstance.py:1426} INFO - Exporting the following env vars:
AIRFLOW_CTX_DAG_OWNER=***
AIRFLOW_CTX_DAG_ID=data_ingestion_gcs_dag
AIRFLOW_CTX_TASK_ID=download_dataset_task
AIRFLOW_CTX_EXECUTION_DATE=2022-10-04T18:38:04.866194+00:00
AIRFLOW_CTX_DAG_RUN_ID=manual__2022-10-04T18:38:04.866194+00:00
[2022-10-04 18:38:08,362] {subprocess.py:62} INFO - Tmp dir root location: 
 /tmp
[2022-10-04 18:38:08,364] {subprocess.py:74} INFO - Running command: ['bash', '-c', 'curl  -sSL https://d37ci6vzurychx.cloudfront.net/trip-data/yellow_trpdata_2021-01.parquet > /opt/***/yellow_trpdata_2021-01.parquet']
[2022-10-04 18:38:08,400] {subprocess.py:85} INFO - Output:
[2022-10-04 18:38:09,943] {subprocess.py:93} INFO - Command exited with return code 0
[2022-10-04 18:38:09,996] {taskinstance.py:1277} INFO - Marking task as SUCCESS. dag_id=data_ingestion_gcs_dag, task_id=download_dataset_task, execution_date=20221004T183804, start_date=20221004T183808, end_date=20221004T183809
[2022-10-04 18:38:10,106] {local_task_job.py:154} INFO - Task exited with return code 0
[2022-10-04 18:38:10,186] {local_task_job.py:264} INFO - 1 downstream tasks scheduled from follow-on schedule check
